#! /usr/bin/vvp
:ivl_version "0.9.7 " "(v0_9_7)";
:vpi_time_precision + 0;
:vpi_module "system";
:vpi_module "v2005_math";
:vpi_module "va_math";
S_0x1e58f50 .scope module, "decoderBCD_tb" "decoderBCD_tb" 2 3;
 .timescale 0 0;
v0x1e6c0f0_0 .var "i", 5 0;
v0x1e6c1b0_0 .var "in", 4 0;
v0x1e6c230_0 .net "out0", 3 0, L_0x1e6c5a0; 1 drivers
v0x1e6c2e0_0 .net "out1", 3 0, L_0x1e6c810; 1 drivers
S_0x1e59040 .scope module, "dec_udt" "decoderBCD" 2 12, 3 4, S_0x1e58f50;
 .timescale 0 0;
v0x1e59130_0 .net *"_s0", 4 0, C4<01010>; 1 drivers
v0x1e6bce0_0 .net *"_s2", 4 0, L_0x1e6c430; 1 drivers
v0x1e6bd80_0 .net *"_s6", 4 0, C4<01010>; 1 drivers
v0x1e6be20_0 .net *"_s8", 4 0, L_0x1e6c720; 1 drivers
v0x1e6bed0_0 .net "in", 4 0, v0x1e6c1b0_0; 1 drivers
v0x1e6bf70_0 .alias "out0", 3 0, v0x1e6c230_0;
v0x1e6c050_0 .alias "out1", 3 0, v0x1e6c2e0_0;
L_0x1e6c430 .arith/mod 5, v0x1e6c1b0_0, C4<01010>;
L_0x1e6c5a0 .part L_0x1e6c430, 0, 4;
L_0x1e6c720 .arith/div 5, v0x1e6c1b0_0, C4<01010>;
L_0x1e6c810 .part L_0x1e6c720, 0, 4;
    .scope S_0x1e58f50;
T_0 ;
    %vpi_call 2 20 "$dumpfile", "decoderBCD.vcd";
    %vpi_call 2 21 "$dumpvars";
    %end;
    .thread T_0;
    .scope S_0x1e58f50;
T_1 ;
    %set/v v0x1e6c1b0_0, 0, 5;
    %vpi_call 2 26 "$display", "In\011In(bin)\011Out1\011Out0\011BCD view";
    %vpi_call 2 27 "$monitor", "%d\011%b\011%b\011%b\011%d,%d", v0x1e6c1b0_0, v0x1e6c1b0_0, v0x1e6c2e0_0, v0x1e6c230_0, v0x1e6c2e0_0, v0x1e6c230_0;
    %end;
    .thread T_1;
    .scope S_0x1e58f50;
T_2 ;
    %set/v v0x1e6c0f0_0, 0, 6;
T_2.0 ;
    %load/v 8, v0x1e6c0f0_0, 6;
    %mov 14, 0, 2;
   %cmpi/u 8, 32, 8;
    %jmp/0xz T_2.1, 5;
    %load/v 8, v0x1e6c0f0_0, 6;
    %set/v v0x1e6c1b0_0, 8, 5;
    %delay 1, 0;
    %load/v 8, v0x1e6c0f0_0, 6;
    %mov 14, 0, 26;
    %addi 8, 1, 32;
    %set/v v0x1e6c0f0_0, 8, 6;
    %jmp T_2.0;
T_2.1 ;
    %delay 20, 0;
    %vpi_call 2 36 "$finish";
    %jmp T_2;
    .thread T_2;
# The file index is used to find the file name in the following table.
:file_names 4;
    "N/A";
    "<interactive>";
    "src/decoderBCD/decoderBCD_tb.v";
    "./src/decoderBCD/decoderBCD.v";
