#! /usr/bin/vvp
:ivl_version "0.9.7 " "(v0_9_7)";
:vpi_time_precision + 0;
:vpi_module "system";
:vpi_module "v2005_math";
:vpi_module "va_math";
S_0xbf4b90 .scope module, "filterBCD_tb" "filterBCD_tb" 2 3;
 .timescale 0 0;
v0xc053d0_0 .net "flag", 0 0, v0xbf4d70_0; 1 drivers
v0xc054a0_0 .var "in", 3 0;
v0xc05550_0 .net "out", 3 0, v0xc05330_0; 1 drivers
S_0xbf4c80 .scope module, "filter_udt" "filterBCD" 2 15, 3 1, S_0xbf4b90;
 .timescale 0 0;
v0xbf4d70_0 .var "error", 0 0;
v0xc05290_0 .net "in", 3 0, v0xc054a0_0; 1 drivers
v0xc05330_0 .var "out", 3 0;
E_0xbd08e0 .event edge, v0xc05290_0;
    .scope S_0xbf4c80;
T_0 ;
    %set/v v0xbf4d70_0, 0, 1;
    %set/v v0xc05330_0, 0, 4;
    %end;
    .thread T_0;
    .scope S_0xbf4c80;
T_1 ;
    %wait E_0xbd08e0;
    %movi 8, 9, 6;
    %load/v 14, v0xc05290_0, 4;
    %mov 18, 0, 2;
    %cmp/u 8, 14, 6;
    %jmp/0xz  T_1.0, 5;
    %set/v v0xbf4d70_0, 1, 1;
    %jmp T_1.1;
T_1.0 ;
    %set/v v0xbf4d70_0, 0, 1;
T_1.1 ;
    %load/v 8, v0xc05290_0, 4;
    %cassign/v v0xc05330_0, 8, 4;
    %cassign/link v0xc05330_0, v0xc05290_0;
    %jmp T_1;
    .thread T_1, $push;
    .scope S_0xbf4b90;
T_2 ;
    %set/v v0xc054a0_0, 0, 4;
    %vpi_call 2 11 "$display", "Input\011Output\011Error";
    %vpi_call 2 12 "$monitor", "%b %d\011%b\011%b", v0xc054a0_0, v0xc054a0_0, v0xc05550_0, v0xc053d0_0;
    %end;
    .thread T_2;
    .scope S_0xbf4b90;
T_3 ;
    %wait E_0xbd08e0;
    %set/v v0xc054a0_0, 0, 4;
T_3.0 ;
    %load/v 12, v0xc054a0_0, 4;
    %mov 16, 0, 2;
   %cmpi/u 12, 14, 6;
    %jmp/0xz T_3.1, 5;
    %delay 1, 0;
    %load/v 12, v0xc054a0_0, 4;
    %mov 16, 0, 28;
    %addi 12, 1, 32;
    %set/v v0xc054a0_0, 12, 4;
    %jmp T_3.0;
T_3.1 ;
    %vpi_call 2 25 "$finish";
    %jmp T_3;
    .thread T_3, $push;
# The file index is used to find the file name in the following table.
:file_names 4;
    "N/A";
    "<interactive>";
    "src/filterBCD/filterBCD_tb.v";
    "./src/filterBCD/filterBCD.v";
