#! /usr/bin/vvp
:ivl_version "10.1 (stable)";
:ivl_delay_selection "TYPICAL";
:vpi_time_precision + 0;
:vpi_module "system";
:vpi_module "vhdl_sys";
:vpi_module "v2005_math";
:vpi_module "va_math";
S_0x5654fa5cc1a0 .scope module, "ALU" "ALU" 2 1;
 .timescale 0 0;
    .port_info 0 /INPUT 1 "x0"
    .port_info 1 /INPUT 1 "x1"
    .port_info 2 /INPUT 1 "x2"
    .port_info 3 /INPUT 1 "x3"
    .port_info 4 /INPUT 1 "y0"
    .port_info 5 /INPUT 1 "y1"
    .port_info 6 /INPUT 1 "y2"
    .port_info 7 /INPUT 1 "y3"
    .port_info 8 /INPUT 1 "op0"
    .port_info 9 /INPUT 1 "op1"
    .port_info 10 /INPUT 1 "op2"
    .port_info 11 /OUTPUT 1 "o0"
    .port_info 12 /OUTPUT 1 "o1"
    .port_info 13 /OUTPUT 1 "o2"
    .port_info 14 /OUTPUT 1 "o3"
    .port_info 15 /OUTPUT 1 "carry"
v0x5654fa602cc0_0 .net "a0", 0 0, L_0x5654fa607900;  1 drivers
v0x5654fa602d80_0 .net "a1", 0 0, L_0x5654fa607c00;  1 drivers
v0x5654fa602e50_0 .net "a2", 0 0, L_0x5654fa607d60;  1 drivers
v0x5654fa602f50_0 .net "a3", 0 0, L_0x5654fa6081a0;  1 drivers
v0x5654fa603020_0 .var "carry", 0 0;
v0x5654fa6030c0_0 .net "carryShift", 0 0, v0x5654fa5f0f80_0;  1 drivers
v0x5654fa603160_0 .net "carrySum", 0 0, v0x5654fa5ff890_0;  1 drivers
v0x5654fa603230_0 .net "d0", 0 0, v0x5654fa602280_0;  1 drivers
v0x5654fa603300_0 .net "d1", 0 0, v0x5654fa602390_0;  1 drivers
v0x5654fa6033d0_0 .net "d2", 0 0, v0x5654fa602450_0;  1 drivers
v0x5654fa6034a0_0 .net "d3", 0 0, v0x5654fa602510_0;  1 drivers
v0x5654fa603570_0 .net "e0", 0 0, v0x5654fa5f1060_0;  1 drivers
v0x5654fa603640_0 .net "e1", 0 0, v0x5654fa5f1120_0;  1 drivers
v0x5654fa603710_0 .net "e2", 0 0, v0x5654fa5f11c0_0;  1 drivers
v0x5654fa6037e0_0 .net "e3", 0 0, v0x5654fa5f1280_0;  1 drivers
v0x5654fa6038b0_0 .var "o0", 0 0;
v0x5654fa603950_0 .var "o1", 0 0;
v0x5654fa603b00_0 .var "o2", 0 0;
v0x5654fa603ba0_0 .var "o3", 0 0;
o0x7fb01c3fee28 .functor BUFZ 1, C4<z>; HiZ drive
v0x5654fa603c40_0 .net "op0", 0 0, o0x7fb01c3fee28;  0 drivers
o0x7fb01c3fee58 .functor BUFZ 1, C4<z>; HiZ drive
v0x5654fa603ce0_0 .net "op1", 0 0, o0x7fb01c3fee58;  0 drivers
o0x7fb01c3fee88 .functor BUFZ 1, C4<z>; HiZ drive
v0x5654fa603d80_0 .net "op2", 0 0, o0x7fb01c3fee88;  0 drivers
v0x5654fa603e20_0 .net "q0", 0 0, v0x5654fa5ef510_0;  1 drivers
v0x5654fa603ef0_0 .net "q1", 0 0, v0x5654fa5ef620_0;  1 drivers
v0x5654fa603fc0_0 .net "q2", 0 0, v0x5654fa5ef6e0_0;  1 drivers
v0x5654fa604090_0 .net "q3", 0 0, v0x5654fa5ef7a0_0;  1 drivers
v0x5654fa604160_0 .net "r0", 0 0, v0x5654fa5f9910_0;  1 drivers
v0x5654fa604230_0 .net "r1", 0 0, v0x5654fa5f9a40_0;  1 drivers
v0x5654fa604300_0 .net "r2", 0 0, v0x5654fa5f9ae0_0;  1 drivers
v0x5654fa6043d0_0 .net "r3", 0 0, v0x5654fa5f9b80_0;  1 drivers
v0x5654fa6044a0_0 .net "s0", 0 0, v0x5654fa5b6170_0;  1 drivers
v0x5654fa604570_0 .net "s1", 0 0, v0x5654fa5b6240_0;  1 drivers
v0x5654fa604640_0 .net "s2", 0 0, v0x5654fa5b6310_0;  1 drivers
v0x5654fa604710_0 .net "s3", 0 0, v0x5654fa5ee730_0;  1 drivers
v0x5654fa6047e0_0 .net "t0", 0 0, v0x5654fa5ff980_0;  1 drivers
v0x5654fa6048b0_0 .net "t1", 0 0, v0x5654fa5ffa20_0;  1 drivers
v0x5654fa604980_0 .net "t2", 0 0, v0x5654fa5ffac0_0;  1 drivers
v0x5654fa604a50_0 .net "t3", 0 0, v0x5654fa5ffb80_0;  1 drivers
v0x5654fa604b20_0 .net "w0", 0 0, v0x5654fa5f01b0_0;  1 drivers
v0x5654fa604bf0_0 .net "w1", 0 0, v0x5654fa5f02c0_0;  1 drivers
v0x5654fa604cc0_0 .net "w2", 0 0, v0x5654fa5f0380_0;  1 drivers
v0x5654fa604d90_0 .net "w3", 0 0, v0x5654fa5f0440_0;  1 drivers
o0x7fb01c3fb198 .functor BUFZ 1, C4<z>; HiZ drive
v0x5654fa604e60_0 .net "x0", 0 0, o0x7fb01c3fb198;  0 drivers
o0x7fb01c3fb1c8 .functor BUFZ 1, C4<z>; HiZ drive
v0x5654fa604f00_0 .net "x1", 0 0, o0x7fb01c3fb1c8;  0 drivers
o0x7fb01c3fb1f8 .functor BUFZ 1, C4<z>; HiZ drive
v0x5654fa604fa0_0 .net "x2", 0 0, o0x7fb01c3fb1f8;  0 drivers
o0x7fb01c3fb228 .functor BUFZ 1, C4<z>; HiZ drive
v0x5654fa605040_0 .net "x3", 0 0, o0x7fb01c3fb228;  0 drivers
o0x7fb01c3fb258 .functor BUFZ 1, C4<z>; HiZ drive
v0x5654fa6050e0_0 .net "y0", 0 0, o0x7fb01c3fb258;  0 drivers
o0x7fb01c3fb288 .functor BUFZ 1, C4<z>; HiZ drive
v0x5654fa605180_0 .net "y1", 0 0, o0x7fb01c3fb288;  0 drivers
o0x7fb01c3fb2b8 .functor BUFZ 1, C4<z>; HiZ drive
v0x5654fa605330_0 .net "y2", 0 0, o0x7fb01c3fb2b8;  0 drivers
o0x7fb01c3fb2e8 .functor BUFZ 1, C4<z>; HiZ drive
v0x5654fa6054e0_0 .net "y3", 0 0, o0x7fb01c3fb2e8;  0 drivers
E_0x5654fa5535a0/0 .event edge, v0x5654fa603d80_0, v0x5654fa603ce0_0, v0x5654fa603c40_0, v0x5654fa5eed30_0;
E_0x5654fa5535a0/1 .event edge, v0x5654fa5eec70_0, v0x5654fa5eebb0_0, v0x5654fa5eeaf0_0, v0x5654fa5eea30_0;
E_0x5654fa5535a0/2 .event edge, v0x5654fa5ee970_0, v0x5654fa5ee8b0_0, v0x5654fa5ee7f0_0;
E_0x5654fa5535a0 .event/or E_0x5654fa5535a0/0, E_0x5654fa5535a0/1, E_0x5654fa5535a0/2;
S_0x5654fa57d680 .scope module, "andModule" "andBitwise" 2 9, 3 1 0, S_0x5654fa5cc1a0;
 .timescale 0 0;
    .port_info 0 /INPUT 1 "x0"
    .port_info 1 /INPUT 1 "x1"
    .port_info 2 /INPUT 1 "x2"
    .port_info 3 /INPUT 1 "x3"
    .port_info 4 /INPUT 1 "y0"
    .port_info 5 /INPUT 1 "y1"
    .port_info 6 /INPUT 1 "y2"
    .port_info 7 /INPUT 1 "y3"
    .port_info 8 /OUTPUT 1 "o0"
    .port_info 9 /OUTPUT 1 "o1"
    .port_info 10 /OUTPUT 1 "o2"
    .port_info 11 /OUTPUT 1 "o3"
L_0x5654fa5839a0 .functor AND 1, o0x7fb01c3fb198, o0x7fb01c3fb258, C4<1>, C4<1>;
L_0x5654fa6055b0 .functor AND 1, o0x7fb01c3fb1c8, o0x7fb01c3fb288, C4<1>, C4<1>;
L_0x5654fa605650 .functor AND 1, o0x7fb01c3fb1f8, o0x7fb01c3fb2b8, C4<1>, C4<1>;
L_0x5654fa6056f0 .functor AND 1, o0x7fb01c3fb228, o0x7fb01c3fb2e8, C4<1>, C4<1>;
v0x5654fa5b5e30_0 .net "a0", 0 0, L_0x5654fa5839a0;  1 drivers
v0x5654fa5b5f00_0 .net "a1", 0 0, L_0x5654fa6055b0;  1 drivers
v0x5654fa5b5fd0_0 .net "a2", 0 0, L_0x5654fa605650;  1 drivers
v0x5654fa5b60a0_0 .net "a3", 0 0, L_0x5654fa6056f0;  1 drivers
v0x5654fa5b6170_0 .var "o0", 0 0;
v0x5654fa5b6240_0 .var "o1", 0 0;
v0x5654fa5b6310_0 .var "o2", 0 0;
v0x5654fa5ee730_0 .var "o3", 0 0;
v0x5654fa5ee7f0_0 .net "x0", 0 0, o0x7fb01c3fb198;  alias, 0 drivers
v0x5654fa5ee8b0_0 .net "x1", 0 0, o0x7fb01c3fb1c8;  alias, 0 drivers
v0x5654fa5ee970_0 .net "x2", 0 0, o0x7fb01c3fb1f8;  alias, 0 drivers
v0x5654fa5eea30_0 .net "x3", 0 0, o0x7fb01c3fb228;  alias, 0 drivers
v0x5654fa5eeaf0_0 .net "y0", 0 0, o0x7fb01c3fb258;  alias, 0 drivers
v0x5654fa5eebb0_0 .net "y1", 0 0, o0x7fb01c3fb288;  alias, 0 drivers
v0x5654fa5eec70_0 .net "y2", 0 0, o0x7fb01c3fb2b8;  alias, 0 drivers
v0x5654fa5eed30_0 .net "y3", 0 0, o0x7fb01c3fb2e8;  alias, 0 drivers
E_0x5654fa5536b0/0 .event edge, v0x5654fa5eed30_0, v0x5654fa5eec70_0, v0x5654fa5eebb0_0, v0x5654fa5eeaf0_0;
E_0x5654fa5536b0/1 .event edge, v0x5654fa5eea30_0, v0x5654fa5ee970_0, v0x5654fa5ee8b0_0, v0x5654fa5ee7f0_0;
E_0x5654fa5536b0 .event/or E_0x5654fa5536b0/0, E_0x5654fa5536b0/1;
S_0x5654fa5eef70 .scope module, "notModule" "notBitwise" 2 10, 4 1 0, S_0x5654fa5cc1a0;
 .timescale 0 0;
    .port_info 0 /INPUT 1 "x0"
    .port_info 1 /INPUT 1 "x1"
    .port_info 2 /INPUT 1 "x2"
    .port_info 3 /INPUT 1 "x3"
    .port_info 4 /OUTPUT 1 "o0"
    .port_info 5 /OUTPUT 1 "o1"
    .port_info 6 /OUTPUT 1 "o2"
    .port_info 7 /OUTPUT 1 "o3"
L_0x5654fa6058d0 .functor NOT 1, o0x7fb01c3fb198, C4<0>, C4<0>, C4<0>;
L_0x5654fa605970 .functor NOT 1, o0x7fb01c3fb1c8, C4<0>, C4<0>, C4<0>;
L_0x5654fa605a10 .functor NOT 1, o0x7fb01c3fb1f8, C4<0>, C4<0>, C4<0>;
L_0x5654fa605ab0 .functor NOT 1, o0x7fb01c3fb228, C4<0>, C4<0>, C4<0>;
v0x5654fa5ef210_0 .net "a0", 0 0, L_0x5654fa6058d0;  1 drivers
v0x5654fa5ef2f0_0 .net "a1", 0 0, L_0x5654fa605970;  1 drivers
v0x5654fa5ef3b0_0 .net "a2", 0 0, L_0x5654fa605a10;  1 drivers
v0x5654fa5ef450_0 .net "a3", 0 0, L_0x5654fa605ab0;  1 drivers
v0x5654fa5ef510_0 .var "o0", 0 0;
v0x5654fa5ef620_0 .var "o1", 0 0;
v0x5654fa5ef6e0_0 .var "o2", 0 0;
v0x5654fa5ef7a0_0 .var "o3", 0 0;
v0x5654fa5ef860_0 .net "x0", 0 0, o0x7fb01c3fb198;  alias, 0 drivers
v0x5654fa5ef990_0 .net "x1", 0 0, o0x7fb01c3fb1c8;  alias, 0 drivers
v0x5654fa5efa30_0 .net "x2", 0 0, o0x7fb01c3fb1f8;  alias, 0 drivers
v0x5654fa5efad0_0 .net "x3", 0 0, o0x7fb01c3fb228;  alias, 0 drivers
E_0x5654fa5537c0 .event edge, v0x5654fa5eea30_0, v0x5654fa5ee970_0, v0x5654fa5ee8b0_0, v0x5654fa5ee7f0_0;
S_0x5654fa5efbf0 .scope module, "orModule" "orBitwise" 2 11, 5 1 0, S_0x5654fa5cc1a0;
 .timescale 0 0;
    .port_info 0 /INPUT 1 "x0"
    .port_info 1 /INPUT 1 "x1"
    .port_info 2 /INPUT 1 "x2"
    .port_info 3 /INPUT 1 "x3"
    .port_info 4 /INPUT 1 "y0"
    .port_info 5 /INPUT 1 "y1"
    .port_info 6 /INPUT 1 "y2"
    .port_info 7 /INPUT 1 "y3"
    .port_info 8 /OUTPUT 1 "o0"
    .port_info 9 /OUTPUT 1 "o1"
    .port_info 10 /OUTPUT 1 "o2"
    .port_info 11 /OUTPUT 1 "o3"
L_0x5654fa605b80 .functor OR 1, o0x7fb01c3fb198, o0x7fb01c3fb258, C4<0>, C4<0>;
L_0x5654fa605e30 .functor OR 1, o0x7fb01c3fb1c8, o0x7fb01c3fb288, C4<0>, C4<0>;
L_0x5654fa6060e0 .functor OR 1, o0x7fb01c3fb1f8, o0x7fb01c3fb2b8, C4<0>, C4<0>;
L_0x5654fa606390 .functor OR 1, o0x7fb01c3fb228, o0x7fb01c3fb2e8, C4<0>, C4<0>;
v0x5654fa5efea0_0 .net "a0", 0 0, L_0x5654fa605b80;  1 drivers
v0x5654fa5eff60_0 .net "a1", 0 0, L_0x5654fa605e30;  1 drivers
v0x5654fa5f0020_0 .net "a2", 0 0, L_0x5654fa6060e0;  1 drivers
v0x5654fa5f00f0_0 .net "a3", 0 0, L_0x5654fa606390;  1 drivers
v0x5654fa5f01b0_0 .var "o0", 0 0;
v0x5654fa5f02c0_0 .var "o1", 0 0;
v0x5654fa5f0380_0 .var "o2", 0 0;
v0x5654fa5f0440_0 .var "o3", 0 0;
v0x5654fa5f0500_0 .net "x0", 0 0, o0x7fb01c3fb198;  alias, 0 drivers
v0x5654fa5f0630_0 .net "x1", 0 0, o0x7fb01c3fb1c8;  alias, 0 drivers
v0x5654fa5f0720_0 .net "x2", 0 0, o0x7fb01c3fb1f8;  alias, 0 drivers
v0x5654fa5f0810_0 .net "x3", 0 0, o0x7fb01c3fb228;  alias, 0 drivers
v0x5654fa5f0900_0 .net "y0", 0 0, o0x7fb01c3fb258;  alias, 0 drivers
v0x5654fa5f09a0_0 .net "y1", 0 0, o0x7fb01c3fb288;  alias, 0 drivers
v0x5654fa5f0a40_0 .net "y2", 0 0, o0x7fb01c3fb2b8;  alias, 0 drivers
v0x5654fa5f0ae0_0 .net "y3", 0 0, o0x7fb01c3fb2e8;  alias, 0 drivers
S_0x5654fa5f0c80 .scope module, "shiftLeftModule" "shiftLeft" 2 12, 6 1 0, S_0x5654fa5cc1a0;
 .timescale 0 0;
    .port_info 0 /INPUT 1 "x0"
    .port_info 1 /INPUT 1 "x1"
    .port_info 2 /INPUT 1 "x2"
    .port_info 3 /INPUT 1 "x3"
    .port_info 4 /OUTPUT 1 "o0"
    .port_info 5 /OUTPUT 1 "o1"
    .port_info 6 /OUTPUT 1 "o2"
    .port_info 7 /OUTPUT 1 "o3"
    .port_info 8 /OUTPUT 1 "carry"
v0x5654fa5f0f80_0 .var "carry", 0 0;
v0x5654fa5f1060_0 .var "o0", 0 0;
v0x5654fa5f1120_0 .var "o1", 0 0;
v0x5654fa5f11c0_0 .var "o2", 0 0;
v0x5654fa5f1280_0 .var "o3", 0 0;
v0x5654fa5f1390_0 .net "x0", 0 0, o0x7fb01c3fb198;  alias, 0 drivers
v0x5654fa5f1430_0 .net "x1", 0 0, o0x7fb01c3fb1c8;  alias, 0 drivers
v0x5654fa5f14d0_0 .net "x2", 0 0, o0x7fb01c3fb1f8;  alias, 0 drivers
v0x5654fa5f1570_0 .net "x3", 0 0, o0x7fb01c3fb228;  alias, 0 drivers
S_0x5654fa5f17c0 .scope module, "subsModule" "Substraction" 2 13, 7 1 0, S_0x5654fa5cc1a0;
 .timescale 0 0;
    .port_info 0 /INPUT 1 "x0"
    .port_info 1 /INPUT 1 "x1"
    .port_info 2 /INPUT 1 "x2"
    .port_info 3 /INPUT 1 "x3"
    .port_info 4 /INPUT 1 "y0"
    .port_info 5 /INPUT 1 "y1"
    .port_info 6 /INPUT 1 "y2"
    .port_info 7 /INPUT 1 "y3"
    .port_info 8 /OUTPUT 1 "o0"
    .port_info 9 /OUTPUT 1 "o1"
    .port_info 10 /OUTPUT 1 "o2"
    .port_info 11 /OUTPUT 1 "o3"
v0x5654fa5f9220_0 .net "a0", 0 0, L_0x5654fa606a40;  1 drivers
v0x5654fa5f92e0_0 .net "a1", 0 0, L_0x5654fa606d50;  1 drivers
v0x5654fa5f9430_0 .net "a2", 0 0, L_0x5654fa606e60;  1 drivers
v0x5654fa5f9560_0 .net "a3", 0 0, L_0x5654fa607130;  1 drivers
v0x5654fa5f9600_0 .net "c0", 0 0, v0x5654fa5f8480_0;  1 drivers
v0x5654fa5f96a0_0 .net "c1", 0 0, v0x5654fa5f8520_0;  1 drivers
v0x5654fa5f9770_0 .net "c2", 0 0, v0x5654fa5f85c0_0;  1 drivers
v0x5654fa5f9840_0 .net "c3", 0 0, v0x5654fa5f8680_0;  1 drivers
v0x5654fa5f9910_0 .var "o0", 0 0;
v0x5654fa5f9a40_0 .var "o1", 0 0;
v0x5654fa5f9ae0_0 .var "o2", 0 0;
v0x5654fa5f9b80_0 .var "o3", 0 0;
v0x5654fa5f9c20_0 .net "trash", 0 0, v0x5654fa5f8390_0;  1 drivers
v0x5654fa5f9cf0_0 .net "x0", 0 0, o0x7fb01c3fb198;  alias, 0 drivers
v0x5654fa5f9d90_0 .net "x1", 0 0, o0x7fb01c3fb1c8;  alias, 0 drivers
v0x5654fa5f9e30_0 .net "x2", 0 0, o0x7fb01c3fb1f8;  alias, 0 drivers
v0x5654fa5f9ed0_0 .net "x3", 0 0, o0x7fb01c3fb228;  alias, 0 drivers
v0x5654fa5fa080_0 .net "y0", 0 0, o0x7fb01c3fb258;  alias, 0 drivers
v0x5654fa5fa120_0 .net "y1", 0 0, o0x7fb01c3fb288;  alias, 0 drivers
v0x5654fa5fa1c0_0 .net "y2", 0 0, o0x7fb01c3fb2b8;  alias, 0 drivers
v0x5654fa5fa260_0 .net "y3", 0 0, o0x7fb01c3fb2e8;  alias, 0 drivers
S_0x5654fa5f1ac0 .scope module, "FF" "twosComplement" 7 6, 8 1 0, S_0x5654fa5f17c0;
 .timescale 0 0;
    .port_info 0 /INPUT 1 "x1"
    .port_info 1 /INPUT 1 "x2"
    .port_info 2 /INPUT 1 "x3"
    .port_info 3 /INPUT 1 "x4"
    .port_info 4 /OUTPUT 1 "f1"
    .port_info 5 /OUTPUT 1 "f2"
    .port_info 6 /OUTPUT 1 "f3"
    .port_info 7 /OUTPUT 1 "f4"
L_0x5654fa606460 .functor NOT 1, o0x7fb01c3fb258, C4<0>, C4<0>, C4<0>;
L_0x5654fa606500 .functor NOT 1, o0x7fb01c3fb288, C4<0>, C4<0>, C4<0>;
L_0x5654fa6065a0 .functor NOT 1, o0x7fb01c3fb2b8, C4<0>, C4<0>, C4<0>;
L_0x5654fa606640 .functor NOT 1, o0x7fb01c3fb2e8, C4<0>, C4<0>, C4<0>;
L_0x5654fa606710 .functor AND 1, o0x7fb01c3fb258, L_0x5654fa606500, L_0x5654fa6065a0, L_0x5654fa606640;
L_0x5654fa606880 .functor OR 1, o0x7fb01c3fb288, o0x7fb01c3fb2b8, o0x7fb01c3fb2e8, C4<0>;
L_0x5654fa606930 .functor AND 1, L_0x5654fa606880, L_0x5654fa606460, C4<1>, C4<1>;
L_0x5654fa606a40 .functor OR 1, L_0x5654fa606710, L_0x5654fa606930, C4<0>, C4<0>;
L_0x5654fa606ba0 .functor AND 1, o0x7fb01c3fb288, L_0x5654fa6065a0, L_0x5654fa606640, C4<1>;
L_0x5654fa606c10 .functor OR 1, o0x7fb01c3fb2b8, o0x7fb01c3fb2e8, C4<0>, C4<0>;
L_0x5654fa606ce0 .functor AND 1, L_0x5654fa606c10, L_0x5654fa606500, C4<1>, C4<1>;
L_0x5654fa606d50 .functor OR 1, L_0x5654fa606ba0, L_0x5654fa606ce0, C4<0>, C4<0>;
L_0x5654fa606ed0 .functor AND 1, o0x7fb01c3fb2b8, L_0x5654fa606640, C4<1>, C4<1>;
L_0x5654fa606f40 .functor AND 1, L_0x5654fa6065a0, o0x7fb01c3fb2e8, C4<1>, C4<1>;
L_0x5654fa606e60 .functor OR 1, L_0x5654fa606ed0, L_0x5654fa606f40, C4<0>, C4<0>;
L_0x5654fa607030 .functor AND 1, L_0x5654fa606460, L_0x5654fa606500, L_0x5654fa6065a0, C4<1>;
L_0x5654fa607130 .functor OR 1, o0x7fb01c3fb2e8, L_0x5654fa607030, C4<0>, C4<0>;
v0x5654fa5f1dd0_0 .net "f1", 0 0, L_0x5654fa606a40;  alias, 1 drivers
v0x5654fa5f1eb0_0 .net "f2", 0 0, L_0x5654fa606d50;  alias, 1 drivers
v0x5654fa5f1f70_0 .net "f3", 0 0, L_0x5654fa606e60;  alias, 1 drivers
v0x5654fa5f2010_0 .net "f4", 0 0, L_0x5654fa607130;  alias, 1 drivers
v0x5654fa5f20d0_0 .net "nx1", 0 0, L_0x5654fa606460;  1 drivers
v0x5654fa5f21e0_0 .net "nx2", 0 0, L_0x5654fa606500;  1 drivers
v0x5654fa5f22a0_0 .net "nx3", 0 0, L_0x5654fa6065a0;  1 drivers
v0x5654fa5f2360_0 .net "nx4", 0 0, L_0x5654fa606640;  1 drivers
v0x5654fa5f2420_0 .net "q", 0 0, L_0x5654fa607030;  1 drivers
v0x5654fa5f2570_0 .net "r1", 0 0, L_0x5654fa606ed0;  1 drivers
v0x5654fa5f2630_0 .net "r2", 0 0, L_0x5654fa606f40;  1 drivers
v0x5654fa5f26f0_0 .net "t1", 0 0, L_0x5654fa606ba0;  1 drivers
v0x5654fa5f27b0_0 .net "t2", 0 0, L_0x5654fa606c10;  1 drivers
v0x5654fa5f2870_0 .net "t3", 0 0, L_0x5654fa606ce0;  1 drivers
v0x5654fa5f2930_0 .net "temp1", 0 0, L_0x5654fa606710;  1 drivers
v0x5654fa5f29f0_0 .net "temp2", 0 0, L_0x5654fa606880;  1 drivers
v0x5654fa5f2ab0_0 .net "temp3", 0 0, L_0x5654fa606930;  1 drivers
v0x5654fa5f2c80_0 .net "x1", 0 0, o0x7fb01c3fb258;  alias, 0 drivers
v0x5654fa5f2d20_0 .net "x2", 0 0, o0x7fb01c3fb288;  alias, 0 drivers
v0x5654fa5f2e10_0 .net "x3", 0 0, o0x7fb01c3fb2b8;  alias, 0 drivers
v0x5654fa5f2f00_0 .net "x4", 0 0, o0x7fb01c3fb2e8;  alias, 0 drivers
S_0x5654fa5f3140 .scope module, "SF" "sum" 7 7, 9 1 0, S_0x5654fa5f17c0;
 .timescale 0 0;
    .port_info 0 /INPUT 1 "x0"
    .port_info 1 /INPUT 1 "x1"
    .port_info 2 /INPUT 1 "x2"
    .port_info 3 /INPUT 1 "x3"
    .port_info 4 /INPUT 1 "y0"
    .port_info 5 /INPUT 1 "y1"
    .port_info 6 /INPUT 1 "y2"
    .port_info 7 /INPUT 1 "y3"
    .port_info 8 /OUTPUT 1 "o0"
    .port_info 9 /OUTPUT 1 "o1"
    .port_info 10 /OUTPUT 1 "o2"
    .port_info 11 /OUTPUT 1 "o3"
    .port_info 12 /OUTPUT 1 "carry"
v0x5654fa5f80d0_0 .net "c1", 0 0, v0x5654fa5f36a0_0;  1 drivers
v0x5654fa5f8190_0 .net "c2", 0 0, v0x5654fa5f6240_0;  1 drivers
v0x5654fa5f8250_0 .net "c3", 0 0, v0x5654fa5f7a30_0;  1 drivers
v0x5654fa5f82f0_0 .net "cC", 0 0, v0x5654fa5f4a50_0;  1 drivers
v0x5654fa5f8390_0 .var "carry", 0 0;
v0x5654fa5f8480_0 .var "o0", 0 0;
v0x5654fa5f8520_0 .var "o1", 0 0;
v0x5654fa5f85c0_0 .var "o2", 0 0;
v0x5654fa5f8680_0 .var "o3", 0 0;
v0x5654fa5f87d0_0 .net "out0", 0 0, v0x5654fa5f4b20_0;  1 drivers
v0x5654fa5f8870_0 .net "out1", 0 0, v0x5654fa5f7b50_0;  1 drivers
v0x5654fa5f8910_0 .net "out2", 0 0, v0x5654fa5f6310_0;  1 drivers
v0x5654fa5f89b0_0 .net "out3", 0 0, v0x5654fa5f3780_0;  1 drivers
v0x5654fa5f8a80_0 .net "x0", 0 0, o0x7fb01c3fb198;  alias, 0 drivers
v0x5654fa5f8b20_0 .net "x1", 0 0, o0x7fb01c3fb1c8;  alias, 0 drivers
v0x5654fa5f8bc0_0 .net "x2", 0 0, o0x7fb01c3fb1f8;  alias, 0 drivers
v0x5654fa5f8c60_0 .net "x3", 0 0, o0x7fb01c3fb228;  alias, 0 drivers
v0x5654fa5f8e10_0 .net "y0", 0 0, L_0x5654fa606a40;  alias, 1 drivers
v0x5654fa5f8eb0_0 .net "y1", 0 0, L_0x5654fa606d50;  alias, 1 drivers
v0x5654fa5f8f50_0 .net "y2", 0 0, L_0x5654fa606e60;  alias, 1 drivers
v0x5654fa5f8ff0_0 .net "y3", 0 0, L_0x5654fa607130;  alias, 1 drivers
E_0x5654fa5538d0/0 .event edge, v0x5654fa5f2010_0, v0x5654fa5f1f70_0, v0x5654fa5f1eb0_0, v0x5654fa5f1dd0_0;
E_0x5654fa5538d0/1 .event edge, v0x5654fa5eea30_0, v0x5654fa5ee970_0, v0x5654fa5ee8b0_0, v0x5654fa5ee7f0_0;
E_0x5654fa5538d0 .event/or E_0x5654fa5538d0/0, E_0x5654fa5538d0/1;
S_0x5654fa5f3470 .scope module, "FS" "sumBit2Bit" 9 6, 10 1 0, S_0x5654fa5f3140;
 .timescale 0 0;
    .port_info 0 /INPUT 1 "x1"
    .port_info 1 /INPUT 1 "x2"
    .port_info 2 /OUTPUT 1 "o0"
    .port_info 3 /OUTPUT 1 "o1"
v0x5654fa5f36a0_0 .var "o0", 0 0;
v0x5654fa5f3780_0 .var "o1", 0 0;
v0x5654fa5f3840_0 .net "x1", 0 0, o0x7fb01c3fb228;  alias, 0 drivers
v0x5654fa5f38e0_0 .net "x2", 0 0, L_0x5654fa607130;  alias, 1 drivers
E_0x5654fa5d2310 .event edge, v0x5654fa5f2010_0, v0x5654fa5eea30_0;
S_0x5654fa5f39c0 .scope module, "FrthS" "sum3Bit" 9 9, 11 1 0, S_0x5654fa5f3140;
 .timescale 0 0;
    .port_info 0 /INPUT 1 "x1"
    .port_info 1 /INPUT 1 "x2"
    .port_info 2 /INPUT 1 "x3"
    .port_info 3 /OUTPUT 1 "o"
    .port_info 4 /OUTPUT 1 "carry"
v0x5654fa5f48c0_0 .net "c1", 0 0, v0x5654fa5f3e70_0;  1 drivers
v0x5654fa5f4980_0 .net "c2", 0 0, v0x5654fa5f44f0_0;  1 drivers
v0x5654fa5f4a50_0 .var "carry", 0 0;
v0x5654fa5f4b20_0 .var "o", 0 0;
v0x5654fa5f4bc0_0 .net "r1", 0 0, v0x5654fa5f3f50_0;  1 drivers
v0x5654fa5f4d00_0 .net "r2", 0 0, v0x5654fa5f45d0_0;  1 drivers
v0x5654fa5f4da0_0 .net "x1", 0 0, o0x7fb01c3fb198;  alias, 0 drivers
v0x5654fa5f4e40_0 .net "x2", 0 0, L_0x5654fa606a40;  alias, 1 drivers
v0x5654fa5f4f30_0 .net "x3", 0 0, v0x5654fa5f7a30_0;  alias, 1 drivers
E_0x5654fa5d2950 .event edge, v0x5654fa5f3f50_0;
S_0x5654fa5f3c00 .scope module, "One" "sumBit2Bit" 11 6, 10 1 0, S_0x5654fa5f39c0;
 .timescale 0 0;
    .port_info 0 /INPUT 1 "x1"
    .port_info 1 /INPUT 1 "x2"
    .port_info 2 /OUTPUT 1 "o0"
    .port_info 3 /OUTPUT 1 "o1"
v0x5654fa5f3e70_0 .var "o0", 0 0;
v0x5654fa5f3f50_0 .var "o1", 0 0;
v0x5654fa5f4010_0 .net "x1", 0 0, o0x7fb01c3fb198;  alias, 0 drivers
v0x5654fa5f4140_0 .net "x2", 0 0, L_0x5654fa606a40;  alias, 1 drivers
E_0x5654fa5f3df0 .event edge, v0x5654fa5f1dd0_0, v0x5654fa5ee7f0_0;
S_0x5654fa5f4280 .scope module, "Two" "sumBit2Bit" 11 7, 10 1 0, S_0x5654fa5f39c0;
 .timescale 0 0;
    .port_info 0 /INPUT 1 "x1"
    .port_info 1 /INPUT 1 "x2"
    .port_info 2 /OUTPUT 1 "o0"
    .port_info 3 /OUTPUT 1 "o1"
v0x5654fa5f44f0_0 .var "o0", 0 0;
v0x5654fa5f45d0_0 .var "o1", 0 0;
v0x5654fa5f4690_0 .net "x1", 0 0, v0x5654fa5f7a30_0;  alias, 1 drivers
v0x5654fa5f4760_0 .net "x2", 0 0, v0x5654fa5f3f50_0;  alias, 1 drivers
E_0x5654fa5f4490 .event edge, v0x5654fa5f3f50_0, v0x5654fa5f4690_0;
S_0x5654fa5f50a0 .scope module, "SS" "sum3Bit" 9 7, 11 1 0, S_0x5654fa5f3140;
 .timescale 0 0;
    .port_info 0 /INPUT 1 "x1"
    .port_info 1 /INPUT 1 "x2"
    .port_info 2 /INPUT 1 "x3"
    .port_info 3 /OUTPUT 1 "o"
    .port_info 4 /OUTPUT 1 "carry"
v0x5654fa5f60b0_0 .net "c1", 0 0, v0x5654fa5f5640_0;  1 drivers
v0x5654fa5f6170_0 .net "c2", 0 0, v0x5654fa5f5cf0_0;  1 drivers
v0x5654fa5f6240_0 .var "carry", 0 0;
v0x5654fa5f6310_0 .var "o", 0 0;
v0x5654fa5f63b0_0 .net "r1", 0 0, v0x5654fa5f5720_0;  1 drivers
v0x5654fa5f64f0_0 .net "r2", 0 0, v0x5654fa5f5dd0_0;  1 drivers
v0x5654fa5f6590_0 .net "x1", 0 0, o0x7fb01c3fb1f8;  alias, 0 drivers
v0x5654fa5f6630_0 .net "x2", 0 0, L_0x5654fa606e60;  alias, 1 drivers
v0x5654fa5f6720_0 .net "x3", 0 0, v0x5654fa5f36a0_0;  alias, 1 drivers
E_0x5654fa5f52d0 .event edge, v0x5654fa5f5720_0;
S_0x5654fa5f5330 .scope module, "One" "sumBit2Bit" 11 6, 10 1 0, S_0x5654fa5f50a0;
 .timescale 0 0;
    .port_info 0 /INPUT 1 "x1"
    .port_info 1 /INPUT 1 "x2"
    .port_info 2 /OUTPUT 1 "o0"
    .port_info 3 /OUTPUT 1 "o1"
v0x5654fa5f5640_0 .var "o0", 0 0;
v0x5654fa5f5720_0 .var "o1", 0 0;
v0x5654fa5f57e0_0 .net "x1", 0 0, o0x7fb01c3fb1f8;  alias, 0 drivers
v0x5654fa5f5940_0 .net "x2", 0 0, L_0x5654fa606e60;  alias, 1 drivers
E_0x5654fa5f55c0 .event edge, v0x5654fa5f1f70_0, v0x5654fa5ee970_0;
S_0x5654fa5f5a80 .scope module, "Two" "sumBit2Bit" 11 7, 10 1 0, S_0x5654fa5f50a0;
 .timescale 0 0;
    .port_info 0 /INPUT 1 "x1"
    .port_info 1 /INPUT 1 "x2"
    .port_info 2 /OUTPUT 1 "o0"
    .port_info 3 /OUTPUT 1 "o1"
v0x5654fa5f5cf0_0 .var "o0", 0 0;
v0x5654fa5f5dd0_0 .var "o1", 0 0;
v0x5654fa5f5e90_0 .net "x1", 0 0, v0x5654fa5f36a0_0;  alias, 1 drivers
v0x5654fa5f5f90_0 .net "x2", 0 0, v0x5654fa5f5720_0;  alias, 1 drivers
E_0x5654fa5f5c90 .event edge, v0x5654fa5f5720_0, v0x5654fa5f36a0_0;
S_0x5654fa5f68b0 .scope module, "TS" "sum3Bit" 9 8, 11 1 0, S_0x5654fa5f3140;
 .timescale 0 0;
    .port_info 0 /INPUT 1 "x1"
    .port_info 1 /INPUT 1 "x2"
    .port_info 2 /INPUT 1 "x3"
    .port_info 3 /OUTPUT 1 "o"
    .port_info 4 /OUTPUT 1 "carry"
v0x5654fa5f78a0_0 .net "c1", 0 0, v0x5654fa5f6e60_0;  1 drivers
v0x5654fa5f7960_0 .net "c2", 0 0, v0x5654fa5f74e0_0;  1 drivers
v0x5654fa5f7a30_0 .var "carry", 0 0;
v0x5654fa5f7b50_0 .var "o", 0 0;
v0x5654fa5f7bf0_0 .net "r1", 0 0, v0x5654fa5f6f40_0;  1 drivers
v0x5654fa5f7d30_0 .net "r2", 0 0, v0x5654fa5f75c0_0;  1 drivers
v0x5654fa5f7dd0_0 .net "x1", 0 0, o0x7fb01c3fb1c8;  alias, 0 drivers
v0x5654fa5f7e70_0 .net "x2", 0 0, L_0x5654fa606d50;  alias, 1 drivers
v0x5654fa5f7f60_0 .net "x3", 0 0, v0x5654fa5f6240_0;  alias, 1 drivers
E_0x5654fa5f6b00 .event edge, v0x5654fa5f6f40_0;
S_0x5654fa5f6b80 .scope module, "One" "sumBit2Bit" 11 6, 10 1 0, S_0x5654fa5f68b0;
 .timescale 0 0;
    .port_info 0 /INPUT 1 "x1"
    .port_info 1 /INPUT 1 "x2"
    .port_info 2 /OUTPUT 1 "o0"
    .port_info 3 /OUTPUT 1 "o1"
v0x5654fa5f6e60_0 .var "o0", 0 0;
v0x5654fa5f6f40_0 .var "o1", 0 0;
v0x5654fa5f7000_0 .net "x1", 0 0, o0x7fb01c3fb1c8;  alias, 0 drivers
v0x5654fa5f7130_0 .net "x2", 0 0, L_0x5654fa606d50;  alias, 1 drivers
E_0x5654fa5f6de0 .event edge, v0x5654fa5f1eb0_0, v0x5654fa5ee8b0_0;
S_0x5654fa5f7270 .scope module, "Two" "sumBit2Bit" 11 7, 10 1 0, S_0x5654fa5f68b0;
 .timescale 0 0;
    .port_info 0 /INPUT 1 "x1"
    .port_info 1 /INPUT 1 "x2"
    .port_info 2 /OUTPUT 1 "o0"
    .port_info 3 /OUTPUT 1 "o1"
v0x5654fa5f74e0_0 .var "o0", 0 0;
v0x5654fa5f75c0_0 .var "o1", 0 0;
v0x5654fa5f7680_0 .net "x1", 0 0, v0x5654fa5f6240_0;  alias, 1 drivers
v0x5654fa5f7780_0 .net "x2", 0 0, v0x5654fa5f6f40_0;  alias, 1 drivers
E_0x5654fa5f7480 .event edge, v0x5654fa5f6f40_0, v0x5654fa5f6240_0;
S_0x5654fa5fa420 .scope module, "sumModule" "sum" 2 14, 9 1 0, S_0x5654fa5cc1a0;
 .timescale 0 0;
    .port_info 0 /INPUT 1 "x0"
    .port_info 1 /INPUT 1 "x1"
    .port_info 2 /INPUT 1 "x2"
    .port_info 3 /INPUT 1 "x3"
    .port_info 4 /INPUT 1 "y0"
    .port_info 5 /INPUT 1 "y1"
    .port_info 6 /INPUT 1 "y2"
    .port_info 7 /INPUT 1 "y3"
    .port_info 8 /OUTPUT 1 "o0"
    .port_info 9 /OUTPUT 1 "o1"
    .port_info 10 /OUTPUT 1 "o2"
    .port_info 11 /OUTPUT 1 "o3"
    .port_info 12 /OUTPUT 1 "carry"
v0x5654fa5ff5d0_0 .net "c1", 0 0, v0x5654fa5fa9a0_0;  1 drivers
v0x5654fa5ff690_0 .net "c2", 0 0, v0x5654fa5fd740_0;  1 drivers
v0x5654fa5ff750_0 .net "c3", 0 0, v0x5654fa5fef80_0;  1 drivers
v0x5654fa5ff7f0_0 .net "cC", 0 0, v0x5654fa5fbf00_0;  1 drivers
v0x5654fa5ff890_0 .var "carry", 0 0;
v0x5654fa5ff980_0 .var "o0", 0 0;
v0x5654fa5ffa20_0 .var "o1", 0 0;
v0x5654fa5ffac0_0 .var "o2", 0 0;
v0x5654fa5ffb80_0 .var "o3", 0 0;
v0x5654fa5ffcd0_0 .net "out0", 0 0, v0x5654fa5fbfd0_0;  1 drivers
v0x5654fa5ffd70_0 .net "out1", 0 0, v0x5654fa5ff0a0_0;  1 drivers
v0x5654fa5ffe10_0 .net "out2", 0 0, v0x5654fa5fd810_0;  1 drivers
v0x5654fa5ffee0_0 .net "out3", 0 0, v0x5654fa5faa80_0;  1 drivers
v0x5654fa5fffb0_0 .net "x0", 0 0, o0x7fb01c3fb198;  alias, 0 drivers
v0x5654fa600050_0 .net "x1", 0 0, o0x7fb01c3fb1c8;  alias, 0 drivers
v0x5654fa6000f0_0 .net "x2", 0 0, o0x7fb01c3fb1f8;  alias, 0 drivers
v0x5654fa600190_0 .net "x3", 0 0, o0x7fb01c3fb228;  alias, 0 drivers
v0x5654fa600450_0 .net "y0", 0 0, o0x7fb01c3fb258;  alias, 0 drivers
v0x5654fa6004f0_0 .net "y1", 0 0, o0x7fb01c3fb288;  alias, 0 drivers
v0x5654fa600590_0 .net "y2", 0 0, o0x7fb01c3fb2b8;  alias, 0 drivers
v0x5654fa600630_0 .net "y3", 0 0, o0x7fb01c3fb2e8;  alias, 0 drivers
S_0x5654fa5fa6e0 .scope module, "FS" "sumBit2Bit" 9 6, 10 1 0, S_0x5654fa5fa420;
 .timescale 0 0;
    .port_info 0 /INPUT 1 "x1"
    .port_info 1 /INPUT 1 "x2"
    .port_info 2 /OUTPUT 1 "o0"
    .port_info 3 /OUTPUT 1 "o1"
v0x5654fa5fa9a0_0 .var "o0", 0 0;
v0x5654fa5faa80_0 .var "o1", 0 0;
v0x5654fa5fab40_0 .net "x1", 0 0, o0x7fb01c3fb228;  alias, 0 drivers
v0x5654fa5fac10_0 .net "x2", 0 0, o0x7fb01c3fb2e8;  alias, 0 drivers
E_0x5654fa5fa920 .event edge, v0x5654fa5eed30_0, v0x5654fa5eea30_0;
S_0x5654fa5fad40 .scope module, "FrthS" "sum3Bit" 9 9, 11 1 0, S_0x5654fa5fa420;
 .timescale 0 0;
    .port_info 0 /INPUT 1 "x1"
    .port_info 1 /INPUT 1 "x2"
    .port_info 2 /INPUT 1 "x3"
    .port_info 3 /OUTPUT 1 "o"
    .port_info 4 /OUTPUT 1 "carry"
v0x5654fa5fbd70_0 .net "c1", 0 0, v0x5654fa5fb280_0;  1 drivers
v0x5654fa5fbe30_0 .net "c2", 0 0, v0x5654fa5fb9a0_0;  1 drivers
v0x5654fa5fbf00_0 .var "carry", 0 0;
v0x5654fa5fbfd0_0 .var "o", 0 0;
v0x5654fa5fc070_0 .net "r1", 0 0, v0x5654fa5fb360_0;  1 drivers
v0x5654fa5fc1b0_0 .net "r2", 0 0, v0x5654fa5fba80_0;  1 drivers
v0x5654fa5fc250_0 .net "x1", 0 0, o0x7fb01c3fb198;  alias, 0 drivers
v0x5654fa5fc2f0_0 .net "x2", 0 0, o0x7fb01c3fb258;  alias, 0 drivers
v0x5654fa5fc390_0 .net "x3", 0 0, v0x5654fa5fef80_0;  alias, 1 drivers
E_0x5654fa5faf60 .event edge, v0x5654fa5fb360_0;
S_0x5654fa5fafc0 .scope module, "One" "sumBit2Bit" 11 6, 10 1 0, S_0x5654fa5fad40;
 .timescale 0 0;
    .port_info 0 /INPUT 1 "x1"
    .port_info 1 /INPUT 1 "x2"
    .port_info 2 /OUTPUT 1 "o0"
    .port_info 3 /OUTPUT 1 "o1"
v0x5654fa5fb280_0 .var "o0", 0 0;
v0x5654fa5fb360_0 .var "o1", 0 0;
v0x5654fa5fb420_0 .net "x1", 0 0, o0x7fb01c3fb198;  alias, 0 drivers
v0x5654fa5fb600_0 .net "x2", 0 0, o0x7fb01c3fb258;  alias, 0 drivers
E_0x5654fa5fb200 .event edge, v0x5654fa5eeaf0_0, v0x5654fa5ee7f0_0;
S_0x5654fa5fb730 .scope module, "Two" "sumBit2Bit" 11 7, 10 1 0, S_0x5654fa5fad40;
 .timescale 0 0;
    .port_info 0 /INPUT 1 "x1"
    .port_info 1 /INPUT 1 "x2"
    .port_info 2 /OUTPUT 1 "o0"
    .port_info 3 /OUTPUT 1 "o1"
v0x5654fa5fb9a0_0 .var "o0", 0 0;
v0x5654fa5fba80_0 .var "o1", 0 0;
v0x5654fa5fbb40_0 .net "x1", 0 0, v0x5654fa5fef80_0;  alias, 1 drivers
v0x5654fa5fbc10_0 .net "x2", 0 0, v0x5654fa5fb360_0;  alias, 1 drivers
E_0x5654fa5fb940 .event edge, v0x5654fa5fb360_0, v0x5654fa5fbb40_0;
S_0x5654fa5fc530 .scope module, "SS" "sum3Bit" 9 7, 11 1 0, S_0x5654fa5fa420;
 .timescale 0 0;
    .port_info 0 /INPUT 1 "x1"
    .port_info 1 /INPUT 1 "x2"
    .port_info 2 /INPUT 1 "x3"
    .port_info 3 /OUTPUT 1 "o"
    .port_info 4 /OUTPUT 1 "carry"
v0x5654fa5fd5b0_0 .net "c1", 0 0, v0x5654fa5fcad0_0;  1 drivers
v0x5654fa5fd670_0 .net "c2", 0 0, v0x5654fa5fd1f0_0;  1 drivers
v0x5654fa5fd740_0 .var "carry", 0 0;
v0x5654fa5fd810_0 .var "o", 0 0;
v0x5654fa5fd8b0_0 .net "r1", 0 0, v0x5654fa5fcbb0_0;  1 drivers
v0x5654fa5fd9f0_0 .net "r2", 0 0, v0x5654fa5fd2d0_0;  1 drivers
v0x5654fa5fda90_0 .net "x1", 0 0, o0x7fb01c3fb1f8;  alias, 0 drivers
v0x5654fa5fdb30_0 .net "x2", 0 0, o0x7fb01c3fb2b8;  alias, 0 drivers
v0x5654fa5fdbd0_0 .net "x3", 0 0, v0x5654fa5fa9a0_0;  alias, 1 drivers
E_0x5654fa5fc760 .event edge, v0x5654fa5fcbb0_0;
S_0x5654fa5fc7c0 .scope module, "One" "sumBit2Bit" 11 6, 10 1 0, S_0x5654fa5fc530;
 .timescale 0 0;
    .port_info 0 /INPUT 1 "x1"
    .port_info 1 /INPUT 1 "x2"
    .port_info 2 /OUTPUT 1 "o0"
    .port_info 3 /OUTPUT 1 "o1"
v0x5654fa5fcad0_0 .var "o0", 0 0;
v0x5654fa5fcbb0_0 .var "o1", 0 0;
v0x5654fa5fcc70_0 .net "x1", 0 0, o0x7fb01c3fb1f8;  alias, 0 drivers
v0x5654fa5fce50_0 .net "x2", 0 0, o0x7fb01c3fb2b8;  alias, 0 drivers
E_0x5654fa5fca50 .event edge, v0x5654fa5eec70_0, v0x5654fa5ee970_0;
S_0x5654fa5fcf80 .scope module, "Two" "sumBit2Bit" 11 7, 10 1 0, S_0x5654fa5fc530;
 .timescale 0 0;
    .port_info 0 /INPUT 1 "x1"
    .port_info 1 /INPUT 1 "x2"
    .port_info 2 /OUTPUT 1 "o0"
    .port_info 3 /OUTPUT 1 "o1"
v0x5654fa5fd1f0_0 .var "o0", 0 0;
v0x5654fa5fd2d0_0 .var "o1", 0 0;
v0x5654fa5fd390_0 .net "x1", 0 0, v0x5654fa5fa9a0_0;  alias, 1 drivers
v0x5654fa5fd490_0 .net "x2", 0 0, v0x5654fa5fcbb0_0;  alias, 1 drivers
E_0x5654fa5fd190 .event edge, v0x5654fa5fcbb0_0, v0x5654fa5fa9a0_0;
S_0x5654fa5fdd60 .scope module, "TS" "sum3Bit" 9 8, 11 1 0, S_0x5654fa5fa420;
 .timescale 0 0;
    .port_info 0 /INPUT 1 "x1"
    .port_info 1 /INPUT 1 "x2"
    .port_info 2 /INPUT 1 "x3"
    .port_info 3 /OUTPUT 1 "o"
    .port_info 4 /OUTPUT 1 "carry"
v0x5654fa5fedf0_0 .net "c1", 0 0, v0x5654fa5fe310_0;  1 drivers
v0x5654fa5feeb0_0 .net "c2", 0 0, v0x5654fa5fea30_0;  1 drivers
v0x5654fa5fef80_0 .var "carry", 0 0;
v0x5654fa5ff0a0_0 .var "o", 0 0;
v0x5654fa5ff140_0 .net "r1", 0 0, v0x5654fa5fe3f0_0;  1 drivers
v0x5654fa5ff280_0 .net "r2", 0 0, v0x5654fa5feb10_0;  1 drivers
v0x5654fa5ff320_0 .net "x1", 0 0, o0x7fb01c3fb1c8;  alias, 0 drivers
v0x5654fa5ff3c0_0 .net "x2", 0 0, o0x7fb01c3fb288;  alias, 0 drivers
v0x5654fa5ff460_0 .net "x3", 0 0, v0x5654fa5fd740_0;  alias, 1 drivers
E_0x5654fa5fdfb0 .event edge, v0x5654fa5fe3f0_0;
S_0x5654fa5fe030 .scope module, "One" "sumBit2Bit" 11 6, 10 1 0, S_0x5654fa5fdd60;
 .timescale 0 0;
    .port_info 0 /INPUT 1 "x1"
    .port_info 1 /INPUT 1 "x2"
    .port_info 2 /OUTPUT 1 "o0"
    .port_info 3 /OUTPUT 1 "o1"
v0x5654fa5fe310_0 .var "o0", 0 0;
v0x5654fa5fe3f0_0 .var "o1", 0 0;
v0x5654fa5fe4b0_0 .net "x1", 0 0, o0x7fb01c3fb1c8;  alias, 0 drivers
v0x5654fa5fe690_0 .net "x2", 0 0, o0x7fb01c3fb288;  alias, 0 drivers
E_0x5654fa5fe290 .event edge, v0x5654fa5eebb0_0, v0x5654fa5ee8b0_0;
S_0x5654fa5fe7c0 .scope module, "Two" "sumBit2Bit" 11 7, 10 1 0, S_0x5654fa5fdd60;
 .timescale 0 0;
    .port_info 0 /INPUT 1 "x1"
    .port_info 1 /INPUT 1 "x2"
    .port_info 2 /OUTPUT 1 "o0"
    .port_info 3 /OUTPUT 1 "o1"
v0x5654fa5fea30_0 .var "o0", 0 0;
v0x5654fa5feb10_0 .var "o1", 0 0;
v0x5654fa5febd0_0 .net "x1", 0 0, v0x5654fa5fd740_0;  alias, 1 drivers
v0x5654fa5fecd0_0 .net "x2", 0 0, v0x5654fa5fe3f0_0;  alias, 1 drivers
E_0x5654fa5fe9d0 .event edge, v0x5654fa5fe3f0_0, v0x5654fa5fd740_0;
S_0x5654fa600860 .scope module, "tcModule" "twosComplement" 2 15, 8 1 0, S_0x5654fa5cc1a0;
 .timescale 0 0;
    .port_info 0 /INPUT 1 "x1"
    .port_info 1 /INPUT 1 "x2"
    .port_info 2 /INPUT 1 "x3"
    .port_info 3 /INPUT 1 "x4"
    .port_info 4 /OUTPUT 1 "f1"
    .port_info 5 /OUTPUT 1 "f2"
    .port_info 6 /OUTPUT 1 "f3"
    .port_info 7 /OUTPUT 1 "f4"
L_0x5654fa6071a0 .functor NOT 1, o0x7fb01c3fb198, C4<0>, C4<0>, C4<0>;
L_0x5654fa607210 .functor NOT 1, o0x7fb01c3fb1c8, C4<0>, C4<0>, C4<0>;
L_0x5654fa607280 .functor NOT 1, o0x7fb01c3fb1f8, C4<0>, C4<0>, C4<0>;
L_0x5654fa6072f0 .functor NOT 1, o0x7fb01c3fb228, C4<0>, C4<0>, C4<0>;
L_0x5654fa6073c0 .functor AND 1, o0x7fb01c3fb198, L_0x5654fa607210, L_0x5654fa607280, L_0x5654fa6072f0;
L_0x5654fa607530 .functor OR 1, o0x7fb01c3fb1c8, o0x7fb01c3fb1f8, o0x7fb01c3fb228, C4<0>;
L_0x5654fa6077f0 .functor AND 1, L_0x5654fa607530, L_0x5654fa6071a0, C4<1>, C4<1>;
L_0x5654fa607900 .functor OR 1, L_0x5654fa6073c0, L_0x5654fa6077f0, C4<0>, C4<0>;
L_0x5654fa607ab0 .functor AND 1, o0x7fb01c3fb1c8, L_0x5654fa607280, L_0x5654fa6072f0, C4<1>;
L_0x5654fa607b20 .functor OR 1, o0x7fb01c3fb1f8, o0x7fb01c3fb228, C4<0>, C4<0>;
L_0x5654fa607b90 .functor AND 1, L_0x5654fa607b20, L_0x5654fa607210, C4<1>, C4<1>;
L_0x5654fa607c00 .functor OR 1, L_0x5654fa607ab0, L_0x5654fa607b90, C4<0>, C4<0>;
L_0x5654fa607dd0 .functor AND 1, o0x7fb01c3fb1f8, L_0x5654fa6072f0, C4<1>, C4<1>;
L_0x5654fa607e40 .functor AND 1, L_0x5654fa607280, o0x7fb01c3fb228, C4<1>, C4<1>;
L_0x5654fa607d60 .functor OR 1, L_0x5654fa607dd0, L_0x5654fa607e40, C4<0>, C4<0>;
L_0x5654fa608010 .functor AND 1, L_0x5654fa6071a0, L_0x5654fa607210, L_0x5654fa607280, C4<1>;
L_0x5654fa6081a0 .functor OR 1, o0x7fb01c3fb228, L_0x5654fa608010, C4<0>, C4<0>;
v0x5654fa600b00_0 .net "f1", 0 0, L_0x5654fa607900;  alias, 1 drivers
v0x5654fa600be0_0 .net "f2", 0 0, L_0x5654fa607c00;  alias, 1 drivers
v0x5654fa600ca0_0 .net "f3", 0 0, L_0x5654fa607d60;  alias, 1 drivers
v0x5654fa600d70_0 .net "f4", 0 0, L_0x5654fa6081a0;  alias, 1 drivers
v0x5654fa600e30_0 .net "nx1", 0 0, L_0x5654fa6071a0;  1 drivers
v0x5654fa600f40_0 .net "nx2", 0 0, L_0x5654fa607210;  1 drivers
v0x5654fa601000_0 .net "nx3", 0 0, L_0x5654fa607280;  1 drivers
v0x5654fa6010c0_0 .net "nx4", 0 0, L_0x5654fa6072f0;  1 drivers
v0x5654fa601180_0 .net "q", 0 0, L_0x5654fa608010;  1 drivers
v0x5654fa601240_0 .net "r1", 0 0, L_0x5654fa607dd0;  1 drivers
v0x5654fa601300_0 .net "r2", 0 0, L_0x5654fa607e40;  1 drivers
v0x5654fa6013c0_0 .net "t1", 0 0, L_0x5654fa607ab0;  1 drivers
v0x5654fa601480_0 .net "t2", 0 0, L_0x5654fa607b20;  1 drivers
v0x5654fa601540_0 .net "t3", 0 0, L_0x5654fa607b90;  1 drivers
v0x5654fa601600_0 .net "temp1", 0 0, L_0x5654fa6073c0;  1 drivers
v0x5654fa6016c0_0 .net "temp2", 0 0, L_0x5654fa607530;  1 drivers
v0x5654fa601780_0 .net "temp3", 0 0, L_0x5654fa6077f0;  1 drivers
v0x5654fa601950_0 .net "x1", 0 0, o0x7fb01c3fb198;  alias, 0 drivers
v0x5654fa6019f0_0 .net "x2", 0 0, o0x7fb01c3fb1c8;  alias, 0 drivers
v0x5654fa601a90_0 .net "x3", 0 0, o0x7fb01c3fb1f8;  alias, 0 drivers
v0x5654fa601b30_0 .net "x4", 0 0, o0x7fb01c3fb228;  alias, 0 drivers
S_0x5654fa601cd0 .scope module, "xorModule" "xorBitwise" 2 16, 12 1 0, S_0x5654fa5cc1a0;
 .timescale 0 0;
    .port_info 0 /INPUT 1 "x0"
    .port_info 1 /INPUT 1 "x1"
    .port_info 2 /INPUT 1 "x2"
    .port_info 3 /INPUT 1 "x3"
    .port_info 4 /INPUT 1 "y0"
    .port_info 5 /INPUT 1 "y1"
    .port_info 6 /INPUT 1 "y2"
    .port_info 7 /INPUT 1 "y3"
    .port_info 8 /OUTPUT 1 "o0"
    .port_info 9 /OUTPUT 1 "o1"
    .port_info 10 /OUTPUT 1 "o2"
    .port_info 11 /OUTPUT 1 "o3"
L_0x5654fa608260 .functor XOR 1, o0x7fb01c3fb198, o0x7fb01c3fb258, C4<0>, C4<0>;
L_0x5654fa6082d0 .functor XOR 1, o0x7fb01c3fb1c8, o0x7fb01c3fb288, C4<0>, C4<0>;
L_0x5654fa608340 .functor XOR 1, o0x7fb01c3fb1f8, o0x7fb01c3fb2b8, C4<0>, C4<0>;
L_0x5654fa6083b0 .functor XOR 1, o0x7fb01c3fb228, o0x7fb01c3fb2e8, C4<0>, C4<0>;
v0x5654fa601f80_0 .net "a0", 0 0, L_0x5654fa608260;  1 drivers
v0x5654fa602060_0 .net "a1", 0 0, L_0x5654fa6082d0;  1 drivers
v0x5654fa602120_0 .net "a2", 0 0, L_0x5654fa608340;  1 drivers
v0x5654fa6021c0_0 .net "a3", 0 0, L_0x5654fa6083b0;  1 drivers
v0x5654fa602280_0 .var "o0", 0 0;
v0x5654fa602390_0 .var "o1", 0 0;
v0x5654fa602450_0 .var "o2", 0 0;
v0x5654fa602510_0 .var "o3", 0 0;
v0x5654fa6025d0_0 .net "x0", 0 0, o0x7fb01c3fb198;  alias, 0 drivers
v0x5654fa602670_0 .net "x1", 0 0, o0x7fb01c3fb1c8;  alias, 0 drivers
v0x5654fa602710_0 .net "x2", 0 0, o0x7fb01c3fb1f8;  alias, 0 drivers
v0x5654fa6027b0_0 .net "x3", 0 0, o0x7fb01c3fb228;  alias, 0 drivers
v0x5654fa602850_0 .net "y0", 0 0, o0x7fb01c3fb258;  alias, 0 drivers
v0x5654fa6028f0_0 .net "y1", 0 0, o0x7fb01c3fb288;  alias, 0 drivers
v0x5654fa602990_0 .net "y2", 0 0, o0x7fb01c3fb2b8;  alias, 0 drivers
v0x5654fa602a30_0 .net "y3", 0 0, o0x7fb01c3fb2e8;  alias, 0 drivers
    .scope S_0x5654fa57d680;
T_0 ;
    %wait E_0x5654fa5536b0;
    %load/vec4 v0x5654fa5b5e30_0;
    %cassign/vec4 v0x5654fa5b6170_0;
    %cassign/link v0x5654fa5b6170_0, v0x5654fa5b5e30_0;
    %load/vec4 v0x5654fa5b5f00_0;
    %cassign/vec4 v0x5654fa5b6240_0;
    %cassign/link v0x5654fa5b6240_0, v0x5654fa5b5f00_0;
    %load/vec4 v0x5654fa5b5fd0_0;
    %cassign/vec4 v0x5654fa5b6310_0;
    %cassign/link v0x5654fa5b6310_0, v0x5654fa5b5fd0_0;
    %load/vec4 v0x5654fa5b60a0_0;
    %cassign/vec4 v0x5654fa5ee730_0;
    %cassign/link v0x5654fa5ee730_0, v0x5654fa5b60a0_0;
    %jmp T_0;
    .thread T_0, $push;
    .scope S_0x5654fa5eef70;
T_1 ;
    %wait E_0x5654fa5537c0;
    %load/vec4 v0x5654fa5ef210_0;
    %cassign/vec4 v0x5654fa5ef510_0;
    %cassign/link v0x5654fa5ef510_0, v0x5654fa5ef210_0;
    %load/vec4 v0x5654fa5ef2f0_0;
    %cassign/vec4 v0x5654fa5ef620_0;
    %cassign/link v0x5654fa5ef620_0, v0x5654fa5ef2f0_0;
    %load/vec4 v0x5654fa5ef3b0_0;
    %cassign/vec4 v0x5654fa5ef6e0_0;
    %cassign/link v0x5654fa5ef6e0_0, v0x5654fa5ef3b0_0;
    %load/vec4 v0x5654fa5ef450_0;
    %cassign/vec4 v0x5654fa5ef7a0_0;
    %cassign/link v0x5654fa5ef7a0_0, v0x5654fa5ef450_0;
    %jmp T_1;
    .thread T_1, $push;
    .scope S_0x5654fa5efbf0;
T_2 ;
    %wait E_0x5654fa5536b0;
    %load/vec4 v0x5654fa5efea0_0;
    %cassign/vec4 v0x5654fa5f01b0_0;
    %cassign/link v0x5654fa5f01b0_0, v0x5654fa5efea0_0;
    %load/vec4 v0x5654fa5eff60_0;
    %cassign/vec4 v0x5654fa5f02c0_0;
    %cassign/link v0x5654fa5f02c0_0, v0x5654fa5eff60_0;
    %load/vec4 v0x5654fa5f0020_0;
    %cassign/vec4 v0x5654fa5f0380_0;
    %cassign/link v0x5654fa5f0380_0, v0x5654fa5f0020_0;
    %load/vec4 v0x5654fa5f00f0_0;
    %cassign/vec4 v0x5654fa5f0440_0;
    %cassign/link v0x5654fa5f0440_0, v0x5654fa5f00f0_0;
    %jmp T_2;
    .thread T_2, $push;
    .scope S_0x5654fa5f0c80;
T_3 ;
    %wait E_0x5654fa5537c0;
    %load/vec4 v0x5654fa5f1430_0;
    %cassign/vec4 v0x5654fa5f1060_0;
    %cassign/link v0x5654fa5f1060_0, v0x5654fa5f1430_0;
    %load/vec4 v0x5654fa5f14d0_0;
    %cassign/vec4 v0x5654fa5f1120_0;
    %cassign/link v0x5654fa5f1120_0, v0x5654fa5f14d0_0;
    %load/vec4 v0x5654fa5f1570_0;
    %cassign/vec4 v0x5654fa5f11c0_0;
    %cassign/link v0x5654fa5f11c0_0, v0x5654fa5f1570_0;
    %pushi/vec4 0, 0, 1;
    %cassign/vec4 v0x5654fa5f1280_0;
    %load/vec4 v0x5654fa5f1390_0;
    %cassign/vec4 v0x5654fa5f0f80_0;
    %cassign/link v0x5654fa5f0f80_0, v0x5654fa5f1390_0;
    %jmp T_3;
    .thread T_3, $push;
    .scope S_0x5654fa5f3470;
T_4 ;
    %wait E_0x5654fa5d2310;
    %load/vec4 v0x5654fa5f3840_0;
    %pad/u 32;
    %cmpi/e 0, 0, 32;
    %jmp/0xz  T_4.0, 4;
    %pushi/vec4 0, 0, 1;
    %store/vec4 v0x5654fa5f36a0_0, 0, 1;
    %load/vec4 v0x5654fa5f38e0_0;
    %store/vec4 v0x5654fa5f3780_0, 0, 1;
    %jmp T_4.1;
T_4.0 ;
    %load/vec4 v0x5654fa5f38e0_0;
    %store/vec4 v0x5654fa5f36a0_0, 0, 1;
    %load/vec4 v0x5654fa5f38e0_0;
    %pad/u 32;
    %cmpi/e 1, 0, 32;
    %jmp/0xz  T_4.2, 4;
    %pushi/vec4 0, 0, 1;
    %store/vec4 v0x5654fa5f3780_0, 0, 1;
    %jmp T_4.3;
T_4.2 ;
    %pushi/vec4 1, 0, 1;
    %store/vec4 v0x5654fa5f3780_0, 0, 1;
T_4.3 ;
T_4.1 ;
    %jmp T_4;
    .thread T_4, $push;
    .scope S_0x5654fa5f5330;
T_5 ;
    %wait E_0x5654fa5f55c0;
    %load/vec4 v0x5654fa5f57e0_0;
    %pad/u 32;
    %cmpi/e 0, 0, 32;
    %jmp/0xz  T_5.0, 4;
    %pushi/vec4 0, 0, 1;
    %store/vec4 v0x5654fa5f5640_0, 0, 1;
    %load/vec4 v0x5654fa5f5940_0;
    %store/vec4 v0x5654fa5f5720_0, 0, 1;
    %jmp T_5.1;
T_5.0 ;
    %load/vec4 v0x5654fa5f5940_0;
    %store/vec4 v0x5654fa5f5640_0, 0, 1;
    %load/vec4 v0x5654fa5f5940_0;
    %pad/u 32;
    %cmpi/e 1, 0, 32;
    %jmp/0xz  T_5.2, 4;
    %pushi/vec4 0, 0, 1;
    %store/vec4 v0x5654fa5f5720_0, 0, 1;
    %jmp T_5.3;
T_5.2 ;
    %pushi/vec4 1, 0, 1;
    %store/vec4 v0x5654fa5f5720_0, 0, 1;
T_5.3 ;
T_5.1 ;
    %jmp T_5;
    .thread T_5, $push;
    .scope S_0x5654fa5f5a80;
T_6 ;
    %wait E_0x5654fa5f5c90;
    %load/vec4 v0x5654fa5f5e90_0;
    %pad/u 32;
    %cmpi/e 0, 0, 32;
    %jmp/0xz  T_6.0, 4;
    %pushi/vec4 0, 0, 1;
    %store/vec4 v0x5654fa5f5cf0_0, 0, 1;
    %load/vec4 v0x5654fa5f5f90_0;
    %store/vec4 v0x5654fa5f5dd0_0, 0, 1;
    %jmp T_6.1;
T_6.0 ;
    %load/vec4 v0x5654fa5f5f90_0;
    %store/vec4 v0x5654fa5f5cf0_0, 0, 1;
    %load/vec4 v0x5654fa5f5f90_0;
    %pad/u 32;
    %cmpi/e 1, 0, 32;
    %jmp/0xz  T_6.2, 4;
    %pushi/vec4 0, 0, 1;
    %store/vec4 v0x5654fa5f5dd0_0, 0, 1;
    %jmp T_6.3;
T_6.2 ;
    %pushi/vec4 1, 0, 1;
    %store/vec4 v0x5654fa5f5dd0_0, 0, 1;
T_6.3 ;
T_6.1 ;
    %jmp T_6;
    .thread T_6, $push;
    .scope S_0x5654fa5f50a0;
T_7 ;
    %wait E_0x5654fa5f52d0;
    %load/vec4 v0x5654fa5f63b0_0;
    %pad/u 32;
    %cmpi/e 0, 0, 32;
    %jmp/0xz  T_7.0, 4;
    %load/vec4 v0x5654fa5f6720_0;
    %cassign/vec4 v0x5654fa5f6310_0;
    %cassign/link v0x5654fa5f6310_0, v0x5654fa5f6720_0;
    %load/vec4 v0x5654fa5f60b0_0;
    %cassign/vec4 v0x5654fa5f6240_0;
    %cassign/link v0x5654fa5f6240_0, v0x5654fa5f60b0_0;
    %jmp T_7.1;
T_7.0 ;
    %load/vec4 v0x5654fa5f64f0_0;
    %cassign/vec4 v0x5654fa5f6310_0;
    %cassign/link v0x5654fa5f6310_0, v0x5654fa5f64f0_0;
    %load/vec4 v0x5654fa5f6170_0;
    %cassign/vec4 v0x5654fa5f6240_0;
    %cassign/link v0x5654fa5f6240_0, v0x5654fa5f6170_0;
T_7.1 ;
    %jmp T_7;
    .thread T_7, $push;
    .scope S_0x5654fa5f6b80;
T_8 ;
    %wait E_0x5654fa5f6de0;
    %load/vec4 v0x5654fa5f7000_0;
    %pad/u 32;
    %cmpi/e 0, 0, 32;
    %jmp/0xz  T_8.0, 4;
    %pushi/vec4 0, 0, 1;
    %store/vec4 v0x5654fa5f6e60_0, 0, 1;
    %load/vec4 v0x5654fa5f7130_0;
    %store/vec4 v0x5654fa5f6f40_0, 0, 1;
    %jmp T_8.1;
T_8.0 ;
    %load/vec4 v0x5654fa5f7130_0;
    %store/vec4 v0x5654fa5f6e60_0, 0, 1;
    %load/vec4 v0x5654fa5f7130_0;
    %pad/u 32;
    %cmpi/e 1, 0, 32;
    %jmp/0xz  T_8.2, 4;
    %pushi/vec4 0, 0, 1;
    %store/vec4 v0x5654fa5f6f40_0, 0, 1;
    %jmp T_8.3;
T_8.2 ;
    %pushi/vec4 1, 0, 1;
    %store/vec4 v0x5654fa5f6f40_0, 0, 1;
T_8.3 ;
T_8.1 ;
    %jmp T_8;
    .thread T_8, $push;
    .scope S_0x5654fa5f7270;
T_9 ;
    %wait E_0x5654fa5f7480;
    %load/vec4 v0x5654fa5f7680_0;
    %pad/u 32;
    %cmpi/e 0, 0, 32;
    %jmp/0xz  T_9.0, 4;
    %pushi/vec4 0, 0, 1;
    %store/vec4 v0x5654fa5f74e0_0, 0, 1;
    %load/vec4 v0x5654fa5f7780_0;
    %store/vec4 v0x5654fa5f75c0_0, 0, 1;
    %jmp T_9.1;
T_9.0 ;
    %load/vec4 v0x5654fa5f7780_0;
    %store/vec4 v0x5654fa5f74e0_0, 0, 1;
    %load/vec4 v0x5654fa5f7780_0;
    %pad/u 32;
    %cmpi/e 1, 0, 32;
    %jmp/0xz  T_9.2, 4;
    %pushi/vec4 0, 0, 1;
    %store/vec4 v0x5654fa5f75c0_0, 0, 1;
    %jmp T_9.3;
T_9.2 ;
    %pushi/vec4 1, 0, 1;
    %store/vec4 v0x5654fa5f75c0_0, 0, 1;
T_9.3 ;
T_9.1 ;
    %jmp T_9;
    .thread T_9, $push;
    .scope S_0x5654fa5f68b0;
T_10 ;
    %wait E_0x5654fa5f6b00;
    %load/vec4 v0x5654fa5f7bf0_0;
    %pad/u 32;
    %cmpi/e 0, 0, 32;
    %jmp/0xz  T_10.0, 4;
    %load/vec4 v0x5654fa5f7f60_0;
    %cassign/vec4 v0x5654fa5f7b50_0;
    %cassign/link v0x5654fa5f7b50_0, v0x5654fa5f7f60_0;
    %load/vec4 v0x5654fa5f78a0_0;
    %cassign/vec4 v0x5654fa5f7a30_0;
    %cassign/link v0x5654fa5f7a30_0, v0x5654fa5f78a0_0;
    %jmp T_10.1;
T_10.0 ;
    %load/vec4 v0x5654fa5f7d30_0;
    %cassign/vec4 v0x5654fa5f7b50_0;
    %cassign/link v0x5654fa5f7b50_0, v0x5654fa5f7d30_0;
    %load/vec4 v0x5654fa5f7960_0;
    %cassign/vec4 v0x5654fa5f7a30_0;
    %cassign/link v0x5654fa5f7a30_0, v0x5654fa5f7960_0;
T_10.1 ;
    %jmp T_10;
    .thread T_10, $push;
    .scope S_0x5654fa5f3c00;
T_11 ;
    %wait E_0x5654fa5f3df0;
    %load/vec4 v0x5654fa5f4010_0;
    %pad/u 32;
    %cmpi/e 0, 0, 32;
    %jmp/0xz  T_11.0, 4;
    %pushi/vec4 0, 0, 1;
    %store/vec4 v0x5654fa5f3e70_0, 0, 1;
    %load/vec4 v0x5654fa5f4140_0;
    %store/vec4 v0x5654fa5f3f50_0, 0, 1;
    %jmp T_11.1;
T_11.0 ;
    %load/vec4 v0x5654fa5f4140_0;
    %store/vec4 v0x5654fa5f3e70_0, 0, 1;
    %load/vec4 v0x5654fa5f4140_0;
    %pad/u 32;
    %cmpi/e 1, 0, 32;
    %jmp/0xz  T_11.2, 4;
    %pushi/vec4 0, 0, 1;
    %store/vec4 v0x5654fa5f3f50_0, 0, 1;
    %jmp T_11.3;
T_11.2 ;
    %pushi/vec4 1, 0, 1;
    %store/vec4 v0x5654fa5f3f50_0, 0, 1;
T_11.3 ;
T_11.1 ;
    %jmp T_11;
    .thread T_11, $push;
    .scope S_0x5654fa5f4280;
T_12 ;
    %wait E_0x5654fa5f4490;
    %load/vec4 v0x5654fa5f4690_0;
    %pad/u 32;
    %cmpi/e 0, 0, 32;
    %jmp/0xz  T_12.0, 4;
    %pushi/vec4 0, 0, 1;
    %store/vec4 v0x5654fa5f44f0_0, 0, 1;
    %load/vec4 v0x5654fa5f4760_0;
    %store/vec4 v0x5654fa5f45d0_0, 0, 1;
    %jmp T_12.1;
T_12.0 ;
    %load/vec4 v0x5654fa5f4760_0;
    %store/vec4 v0x5654fa5f44f0_0, 0, 1;
    %load/vec4 v0x5654fa5f4760_0;
    %pad/u 32;
    %cmpi/e 1, 0, 32;
    %jmp/0xz  T_12.2, 4;
    %pushi/vec4 0, 0, 1;
    %store/vec4 v0x5654fa5f45d0_0, 0, 1;
    %jmp T_12.3;
T_12.2 ;
    %pushi/vec4 1, 0, 1;
    %store/vec4 v0x5654fa5f45d0_0, 0, 1;
T_12.3 ;
T_12.1 ;
    %jmp T_12;
    .thread T_12, $push;
    .scope S_0x5654fa5f39c0;
T_13 ;
    %wait E_0x5654fa5d2950;
    %load/vec4 v0x5654fa5f4bc0_0;
    %pad/u 32;
    %cmpi/e 0, 0, 32;
    %jmp/0xz  T_13.0, 4;
    %load/vec4 v0x5654fa5f4f30_0;
    %cassign/vec4 v0x5654fa5f4b20_0;
    %cassign/link v0x5654fa5f4b20_0, v0x5654fa5f4f30_0;
    %load/vec4 v0x5654fa5f48c0_0;
    %cassign/vec4 v0x5654fa5f4a50_0;
    %cassign/link v0x5654fa5f4a50_0, v0x5654fa5f48c0_0;
    %jmp T_13.1;
T_13.0 ;
    %load/vec4 v0x5654fa5f4d00_0;
    %cassign/vec4 v0x5654fa5f4b20_0;
    %cassign/link v0x5654fa5f4b20_0, v0x5654fa5f4d00_0;
    %load/vec4 v0x5654fa5f4980_0;
    %cassign/vec4 v0x5654fa5f4a50_0;
    %cassign/link v0x5654fa5f4a50_0, v0x5654fa5f4980_0;
T_13.1 ;
    %jmp T_13;
    .thread T_13, $push;
    .scope S_0x5654fa5f3140;
T_14 ;
    %wait E_0x5654fa5538d0;
    %load/vec4 v0x5654fa5f89b0_0;
    %cassign/vec4 v0x5654fa5f8680_0;
    %cassign/link v0x5654fa5f8680_0, v0x5654fa5f89b0_0;
    %load/vec4 v0x5654fa5f8910_0;
    %cassign/vec4 v0x5654fa5f85c0_0;
    %cassign/link v0x5654fa5f85c0_0, v0x5654fa5f8910_0;
    %load/vec4 v0x5654fa5f8870_0;
    %cassign/vec4 v0x5654fa5f8520_0;
    %cassign/link v0x5654fa5f8520_0, v0x5654fa5f8870_0;
    %load/vec4 v0x5654fa5f87d0_0;
    %cassign/vec4 v0x5654fa5f8480_0;
    %cassign/link v0x5654fa5f8480_0, v0x5654fa5f87d0_0;
    %load/vec4 v0x5654fa5f82f0_0;
    %cassign/vec4 v0x5654fa5f8390_0;
    %cassign/link v0x5654fa5f8390_0, v0x5654fa5f82f0_0;
    %jmp T_14;
    .thread T_14, $push;
    .scope S_0x5654fa5f17c0;
T_15 ;
    %wait E_0x5654fa5536b0;
    %load/vec4 v0x5654fa5f9600_0;
    %cassign/vec4 v0x5654fa5f9910_0;
    %cassign/link v0x5654fa5f9910_0, v0x5654fa5f9600_0;
    %load/vec4 v0x5654fa5f96a0_0;
    %cassign/vec4 v0x5654fa5f9a40_0;
    %cassign/link v0x5654fa5f9a40_0, v0x5654fa5f96a0_0;
    %load/vec4 v0x5654fa5f9770_0;
    %cassign/vec4 v0x5654fa5f9ae0_0;
    %cassign/link v0x5654fa5f9ae0_0, v0x5654fa5f9770_0;
    %load/vec4 v0x5654fa5f9840_0;
    %cassign/vec4 v0x5654fa5f9b80_0;
    %cassign/link v0x5654fa5f9b80_0, v0x5654fa5f9840_0;
    %jmp T_15;
    .thread T_15, $push;
    .scope S_0x5654fa5fa6e0;
T_16 ;
    %wait E_0x5654fa5fa920;
    %load/vec4 v0x5654fa5fab40_0;
    %pad/u 32;
    %cmpi/e 0, 0, 32;
    %jmp/0xz  T_16.0, 4;
    %pushi/vec4 0, 0, 1;
    %store/vec4 v0x5654fa5fa9a0_0, 0, 1;
    %load/vec4 v0x5654fa5fac10_0;
    %store/vec4 v0x5654fa5faa80_0, 0, 1;
    %jmp T_16.1;
T_16.0 ;
    %load/vec4 v0x5654fa5fac10_0;
    %store/vec4 v0x5654fa5fa9a0_0, 0, 1;
    %load/vec4 v0x5654fa5fac10_0;
    %pad/u 32;
    %cmpi/e 1, 0, 32;
    %jmp/0xz  T_16.2, 4;
    %pushi/vec4 0, 0, 1;
    %store/vec4 v0x5654fa5faa80_0, 0, 1;
    %jmp T_16.3;
T_16.2 ;
    %pushi/vec4 1, 0, 1;
    %store/vec4 v0x5654fa5faa80_0, 0, 1;
T_16.3 ;
T_16.1 ;
    %jmp T_16;
    .thread T_16, $push;
    .scope S_0x5654fa5fc7c0;
T_17 ;
    %wait E_0x5654fa5fca50;
    %load/vec4 v0x5654fa5fcc70_0;
    %pad/u 32;
    %cmpi/e 0, 0, 32;
    %jmp/0xz  T_17.0, 4;
    %pushi/vec4 0, 0, 1;
    %store/vec4 v0x5654fa5fcad0_0, 0, 1;
    %load/vec4 v0x5654fa5fce50_0;
    %store/vec4 v0x5654fa5fcbb0_0, 0, 1;
    %jmp T_17.1;
T_17.0 ;
    %load/vec4 v0x5654fa5fce50_0;
    %store/vec4 v0x5654fa5fcad0_0, 0, 1;
    %load/vec4 v0x5654fa5fce50_0;
    %pad/u 32;
    %cmpi/e 1, 0, 32;
    %jmp/0xz  T_17.2, 4;
    %pushi/vec4 0, 0, 1;
    %store/vec4 v0x5654fa5fcbb0_0, 0, 1;
    %jmp T_17.3;
T_17.2 ;
    %pushi/vec4 1, 0, 1;
    %store/vec4 v0x5654fa5fcbb0_0, 0, 1;
T_17.3 ;
T_17.1 ;
    %jmp T_17;
    .thread T_17, $push;
    .scope S_0x5654fa5fcf80;
T_18 ;
    %wait E_0x5654fa5fd190;
    %load/vec4 v0x5654fa5fd390_0;
    %pad/u 32;
    %cmpi/e 0, 0, 32;
    %jmp/0xz  T_18.0, 4;
    %pushi/vec4 0, 0, 1;
    %store/vec4 v0x5654fa5fd1f0_0, 0, 1;
    %load/vec4 v0x5654fa5fd490_0;
    %store/vec4 v0x5654fa5fd2d0_0, 0, 1;
    %jmp T_18.1;
T_18.0 ;
    %load/vec4 v0x5654fa5fd490_0;
    %store/vec4 v0x5654fa5fd1f0_0, 0, 1;
    %load/vec4 v0x5654fa5fd490_0;
    %pad/u 32;
    %cmpi/e 1, 0, 32;
    %jmp/0xz  T_18.2, 4;
    %pushi/vec4 0, 0, 1;
    %store/vec4 v0x5654fa5fd2d0_0, 0, 1;
    %jmp T_18.3;
T_18.2 ;
    %pushi/vec4 1, 0, 1;
    %store/vec4 v0x5654fa5fd2d0_0, 0, 1;
T_18.3 ;
T_18.1 ;
    %jmp T_18;
    .thread T_18, $push;
    .scope S_0x5654fa5fc530;
T_19 ;
    %wait E_0x5654fa5fc760;
    %load/vec4 v0x5654fa5fd8b0_0;
    %pad/u 32;
    %cmpi/e 0, 0, 32;
    %jmp/0xz  T_19.0, 4;
    %load/vec4 v0x5654fa5fdbd0_0;
    %cassign/vec4 v0x5654fa5fd810_0;
    %cassign/link v0x5654fa5fd810_0, v0x5654fa5fdbd0_0;
    %load/vec4 v0x5654fa5fd5b0_0;
    %cassign/vec4 v0x5654fa5fd740_0;
    %cassign/link v0x5654fa5fd740_0, v0x5654fa5fd5b0_0;
    %jmp T_19.1;
T_19.0 ;
    %load/vec4 v0x5654fa5fd9f0_0;
    %cassign/vec4 v0x5654fa5fd810_0;
    %cassign/link v0x5654fa5fd810_0, v0x5654fa5fd9f0_0;
    %load/vec4 v0x5654fa5fd670_0;
    %cassign/vec4 v0x5654fa5fd740_0;
    %cassign/link v0x5654fa5fd740_0, v0x5654fa5fd670_0;
T_19.1 ;
    %jmp T_19;
    .thread T_19, $push;
    .scope S_0x5654fa5fe030;
T_20 ;
    %wait E_0x5654fa5fe290;
    %load/vec4 v0x5654fa5fe4b0_0;
    %pad/u 32;
    %cmpi/e 0, 0, 32;
    %jmp/0xz  T_20.0, 4;
    %pushi/vec4 0, 0, 1;
    %store/vec4 v0x5654fa5fe310_0, 0, 1;
    %load/vec4 v0x5654fa5fe690_0;
    %store/vec4 v0x5654fa5fe3f0_0, 0, 1;
    %jmp T_20.1;
T_20.0 ;
    %load/vec4 v0x5654fa5fe690_0;
    %store/vec4 v0x5654fa5fe310_0, 0, 1;
    %load/vec4 v0x5654fa5fe690_0;
    %pad/u 32;
    %cmpi/e 1, 0, 32;
    %jmp/0xz  T_20.2, 4;
    %pushi/vec4 0, 0, 1;
    %store/vec4 v0x5654fa5fe3f0_0, 0, 1;
    %jmp T_20.3;
T_20.2 ;
    %pushi/vec4 1, 0, 1;
    %store/vec4 v0x5654fa5fe3f0_0, 0, 1;
T_20.3 ;
T_20.1 ;
    %jmp T_20;
    .thread T_20, $push;
    .scope S_0x5654fa5fe7c0;
T_21 ;
    %wait E_0x5654fa5fe9d0;
    %load/vec4 v0x5654fa5febd0_0;
    %pad/u 32;
    %cmpi/e 0, 0, 32;
    %jmp/0xz  T_21.0, 4;
    %pushi/vec4 0, 0, 1;
    %store/vec4 v0x5654fa5fea30_0, 0, 1;
    %load/vec4 v0x5654fa5fecd0_0;
    %store/vec4 v0x5654fa5feb10_0, 0, 1;
    %jmp T_21.1;
T_21.0 ;
    %load/vec4 v0x5654fa5fecd0_0;
    %store/vec4 v0x5654fa5fea30_0, 0, 1;
    %load/vec4 v0x5654fa5fecd0_0;
    %pad/u 32;
    %cmpi/e 1, 0, 32;
    %jmp/0xz  T_21.2, 4;
    %pushi/vec4 0, 0, 1;
    %store/vec4 v0x5654fa5feb10_0, 0, 1;
    %jmp T_21.3;
T_21.2 ;
    %pushi/vec4 1, 0, 1;
    %store/vec4 v0x5654fa5feb10_0, 0, 1;
T_21.3 ;
T_21.1 ;
    %jmp T_21;
    .thread T_21, $push;
    .scope S_0x5654fa5fdd60;
T_22 ;
    %wait E_0x5654fa5fdfb0;
    %load/vec4 v0x5654fa5ff140_0;
    %pad/u 32;
    %cmpi/e 0, 0, 32;
    %jmp/0xz  T_22.0, 4;
    %load/vec4 v0x5654fa5ff460_0;
    %cassign/vec4 v0x5654fa5ff0a0_0;
    %cassign/link v0x5654fa5ff0a0_0, v0x5654fa5ff460_0;
    %load/vec4 v0x5654fa5fedf0_0;
    %cassign/vec4 v0x5654fa5fef80_0;
    %cassign/link v0x5654fa5fef80_0, v0x5654fa5fedf0_0;
    %jmp T_22.1;
T_22.0 ;
    %load/vec4 v0x5654fa5ff280_0;
    %cassign/vec4 v0x5654fa5ff0a0_0;
    %cassign/link v0x5654fa5ff0a0_0, v0x5654fa5ff280_0;
    %load/vec4 v0x5654fa5feeb0_0;
    %cassign/vec4 v0x5654fa5fef80_0;
    %cassign/link v0x5654fa5fef80_0, v0x5654fa5feeb0_0;
T_22.1 ;
    %jmp T_22;
    .thread T_22, $push;
    .scope S_0x5654fa5fafc0;
T_23 ;
    %wait E_0x5654fa5fb200;
    %load/vec4 v0x5654fa5fb420_0;
    %pad/u 32;
    %cmpi/e 0, 0, 32;
    %jmp/0xz  T_23.0, 4;
    %pushi/vec4 0, 0, 1;
    %store/vec4 v0x5654fa5fb280_0, 0, 1;
    %load/vec4 v0x5654fa5fb600_0;
    %store/vec4 v0x5654fa5fb360_0, 0, 1;
    %jmp T_23.1;
T_23.0 ;
    %load/vec4 v0x5654fa5fb600_0;
    %store/vec4 v0x5654fa5fb280_0, 0, 1;
    %load/vec4 v0x5654fa5fb600_0;
    %pad/u 32;
    %cmpi/e 1, 0, 32;
    %jmp/0xz  T_23.2, 4;
    %pushi/vec4 0, 0, 1;
    %store/vec4 v0x5654fa5fb360_0, 0, 1;
    %jmp T_23.3;
T_23.2 ;
    %pushi/vec4 1, 0, 1;
    %store/vec4 v0x5654fa5fb360_0, 0, 1;
T_23.3 ;
T_23.1 ;
    %jmp T_23;
    .thread T_23, $push;
    .scope S_0x5654fa5fb730;
T_24 ;
    %wait E_0x5654fa5fb940;
    %load/vec4 v0x5654fa5fbb40_0;
    %pad/u 32;
    %cmpi/e 0, 0, 32;
    %jmp/0xz  T_24.0, 4;
    %pushi/vec4 0, 0, 1;
    %store/vec4 v0x5654fa5fb9a0_0, 0, 1;
    %load/vec4 v0x5654fa5fbc10_0;
    %store/vec4 v0x5654fa5fba80_0, 0, 1;
    %jmp T_24.1;
T_24.0 ;
    %load/vec4 v0x5654fa5fbc10_0;
    %store/vec4 v0x5654fa5fb9a0_0, 0, 1;
    %load/vec4 v0x5654fa5fbc10_0;
    %pad/u 32;
    %cmpi/e 1, 0, 32;
    %jmp/0xz  T_24.2, 4;
    %pushi/vec4 0, 0, 1;
    %store/vec4 v0x5654fa5fba80_0, 0, 1;
    %jmp T_24.3;
T_24.2 ;
    %pushi/vec4 1, 0, 1;
    %store/vec4 v0x5654fa5fba80_0, 0, 1;
T_24.3 ;
T_24.1 ;
    %jmp T_24;
    .thread T_24, $push;
    .scope S_0x5654fa5fad40;
T_25 ;
    %wait E_0x5654fa5faf60;
    %load/vec4 v0x5654fa5fc070_0;
    %pad/u 32;
    %cmpi/e 0, 0, 32;
    %jmp/0xz  T_25.0, 4;
    %load/vec4 v0x5654fa5fc390_0;
    %cassign/vec4 v0x5654fa5fbfd0_0;
    %cassign/link v0x5654fa5fbfd0_0, v0x5654fa5fc390_0;
    %load/vec4 v0x5654fa5fbd70_0;
    %cassign/vec4 v0x5654fa5fbf00_0;
    %cassign/link v0x5654fa5fbf00_0, v0x5654fa5fbd70_0;
    %jmp T_25.1;
T_25.0 ;
    %load/vec4 v0x5654fa5fc1b0_0;
    %cassign/vec4 v0x5654fa5fbfd0_0;
    %cassign/link v0x5654fa5fbfd0_0, v0x5654fa5fc1b0_0;
    %load/vec4 v0x5654fa5fbe30_0;
    %cassign/vec4 v0x5654fa5fbf00_0;
    %cassign/link v0x5654fa5fbf00_0, v0x5654fa5fbe30_0;
T_25.1 ;
    %jmp T_25;
    .thread T_25, $push;
    .scope S_0x5654fa5fa420;
T_26 ;
    %wait E_0x5654fa5536b0;
    %load/vec4 v0x5654fa5ffee0_0;
    %cassign/vec4 v0x5654fa5ffb80_0;
    %cassign/link v0x5654fa5ffb80_0, v0x5654fa5ffee0_0;
    %load/vec4 v0x5654fa5ffe10_0;
    %cassign/vec4 v0x5654fa5ffac0_0;
    %cassign/link v0x5654fa5ffac0_0, v0x5654fa5ffe10_0;
    %load/vec4 v0x5654fa5ffd70_0;
    %cassign/vec4 v0x5654fa5ffa20_0;
    %cassign/link v0x5654fa5ffa20_0, v0x5654fa5ffd70_0;
    %load/vec4 v0x5654fa5ffcd0_0;
    %cassign/vec4 v0x5654fa5ff980_0;
    %cassign/link v0x5654fa5ff980_0, v0x5654fa5ffcd0_0;
    %load/vec4 v0x5654fa5ff7f0_0;
    %cassign/vec4 v0x5654fa5ff890_0;
    %cassign/link v0x5654fa5ff890_0, v0x5654fa5ff7f0_0;
    %jmp T_26;
    .thread T_26, $push;
    .scope S_0x5654fa601cd0;
T_27 ;
    %wait E_0x5654fa5536b0;
    %load/vec4 v0x5654fa601f80_0;
    %cassign/vec4 v0x5654fa602280_0;
    %cassign/link v0x5654fa602280_0, v0x5654fa601f80_0;
    %load/vec4 v0x5654fa602060_0;
    %cassign/vec4 v0x5654fa602390_0;
    %cassign/link v0x5654fa602390_0, v0x5654fa602060_0;
    %load/vec4 v0x5654fa602120_0;
    %cassign/vec4 v0x5654fa602450_0;
    %cassign/link v0x5654fa602450_0, v0x5654fa602120_0;
    %load/vec4 v0x5654fa6021c0_0;
    %cassign/vec4 v0x5654fa602510_0;
    %cassign/link v0x5654fa602510_0, v0x5654fa6021c0_0;
    %jmp T_27;
    .thread T_27, $push;
    .scope S_0x5654fa5cc1a0;
T_28 ;
    %wait E_0x5654fa5535a0;
    %load/vec4 v0x5654fa603c40_0;
    %pad/u 32;
    %cmpi/e 0, 0, 32;
    %jmp/0xz  T_28.0, 4;
    %load/vec4 v0x5654fa603ce0_0;
    %pad/u 32;
    %cmpi/e 0, 0, 32;
    %jmp/0xz  T_28.2, 4;
    %load/vec4 v0x5654fa603d80_0;
    %pad/u 32;
    %cmpi/e 0, 0, 32;
    %jmp/0xz  T_28.4, 4;
    %load/vec4 v0x5654fa6044a0_0;
    %cassign/vec4 v0x5654fa6038b0_0;
    %cassign/link v0x5654fa6038b0_0, v0x5654fa6044a0_0;
    %load/vec4 v0x5654fa604570_0;
    %cassign/vec4 v0x5654fa603950_0;
    %cassign/link v0x5654fa603950_0, v0x5654fa604570_0;
    %load/vec4 v0x5654fa604640_0;
    %cassign/vec4 v0x5654fa603b00_0;
    %cassign/link v0x5654fa603b00_0, v0x5654fa604640_0;
    %load/vec4 v0x5654fa604710_0;
    %cassign/vec4 v0x5654fa603ba0_0;
    %cassign/link v0x5654fa603ba0_0, v0x5654fa604710_0;
    %pushi/vec4 0, 0, 1;
    %cassign/vec4 v0x5654fa603020_0;
    %jmp T_28.5;
T_28.4 ;
    %load/vec4 v0x5654fa603e20_0;
    %cassign/vec4 v0x5654fa6038b0_0;
    %cassign/link v0x5654fa6038b0_0, v0x5654fa603e20_0;
    %load/vec4 v0x5654fa603ef0_0;
    %cassign/vec4 v0x5654fa603950_0;
    %cassign/link v0x5654fa603950_0, v0x5654fa603ef0_0;
    %load/vec4 v0x5654fa603fc0_0;
    %cassign/vec4 v0x5654fa603b00_0;
    %cassign/link v0x5654fa603b00_0, v0x5654fa603fc0_0;
    %load/vec4 v0x5654fa604090_0;
    %cassign/vec4 v0x5654fa603ba0_0;
    %cassign/link v0x5654fa603ba0_0, v0x5654fa604090_0;
    %pushi/vec4 0, 0, 1;
    %cassign/vec4 v0x5654fa603020_0;
T_28.5 ;
    %jmp T_28.3;
T_28.2 ;
    %load/vec4 v0x5654fa603d80_0;
    %pad/u 32;
    %cmpi/e 0, 0, 32;
    %jmp/0xz  T_28.6, 4;
    %load/vec4 v0x5654fa604b20_0;
    %cassign/vec4 v0x5654fa6038b0_0;
    %cassign/link v0x5654fa6038b0_0, v0x5654fa604b20_0;
    %load/vec4 v0x5654fa604bf0_0;
    %cassign/vec4 v0x5654fa603950_0;
    %cassign/link v0x5654fa603950_0, v0x5654fa604bf0_0;
    %load/vec4 v0x5654fa604cc0_0;
    %cassign/vec4 v0x5654fa603b00_0;
    %cassign/link v0x5654fa603b00_0, v0x5654fa604cc0_0;
    %load/vec4 v0x5654fa604d90_0;
    %cassign/vec4 v0x5654fa603ba0_0;
    %cassign/link v0x5654fa603ba0_0, v0x5654fa604d90_0;
    %pushi/vec4 0, 0, 1;
    %cassign/vec4 v0x5654fa603020_0;
    %jmp T_28.7;
T_28.6 ;
    %load/vec4 v0x5654fa603230_0;
    %cassign/vec4 v0x5654fa6038b0_0;
    %cassign/link v0x5654fa6038b0_0, v0x5654fa603230_0;
    %load/vec4 v0x5654fa603300_0;
    %cassign/vec4 v0x5654fa603950_0;
    %cassign/link v0x5654fa603950_0, v0x5654fa603300_0;
    %load/vec4 v0x5654fa6033d0_0;
    %cassign/vec4 v0x5654fa603b00_0;
    %cassign/link v0x5654fa603b00_0, v0x5654fa6033d0_0;
    %load/vec4 v0x5654fa6034a0_0;
    %cassign/vec4 v0x5654fa603ba0_0;
    %cassign/link v0x5654fa603ba0_0, v0x5654fa6034a0_0;
    %pushi/vec4 0, 0, 1;
    %cassign/vec4 v0x5654fa603020_0;
T_28.7 ;
T_28.3 ;
    %jmp T_28.1;
T_28.0 ;
    %load/vec4 v0x5654fa603ce0_0;
    %pad/u 32;
    %cmpi/e 0, 0, 32;
    %jmp/0xz  T_28.8, 4;
    %load/vec4 v0x5654fa603d80_0;
    %pad/u 32;
    %cmpi/e 0, 0, 32;
    %jmp/0xz  T_28.10, 4;
    %load/vec4 v0x5654fa603570_0;
    %cassign/vec4 v0x5654fa6038b0_0;
    %cassign/link v0x5654fa6038b0_0, v0x5654fa603570_0;
    %load/vec4 v0x5654fa603640_0;
    %cassign/vec4 v0x5654fa603950_0;
    %cassign/link v0x5654fa603950_0, v0x5654fa603640_0;
    %load/vec4 v0x5654fa603710_0;
    %cassign/vec4 v0x5654fa603b00_0;
    %cassign/link v0x5654fa603b00_0, v0x5654fa603710_0;
    %load/vec4 v0x5654fa6037e0_0;
    %cassign/vec4 v0x5654fa603ba0_0;
    %cassign/link v0x5654fa603ba0_0, v0x5654fa6037e0_0;
    %load/vec4 v0x5654fa6030c0_0;
    %cassign/vec4 v0x5654fa603020_0;
    %cassign/link v0x5654fa603020_0, v0x5654fa6030c0_0;
    %jmp T_28.11;
T_28.10 ;
    %load/vec4 v0x5654fa6047e0_0;
    %cassign/vec4 v0x5654fa6038b0_0;
    %cassign/link v0x5654fa6038b0_0, v0x5654fa6047e0_0;
    %load/vec4 v0x5654fa6048b0_0;
    %cassign/vec4 v0x5654fa603950_0;
    %cassign/link v0x5654fa603950_0, v0x5654fa6048b0_0;
    %load/vec4 v0x5654fa604980_0;
    %cassign/vec4 v0x5654fa603b00_0;
    %cassign/link v0x5654fa603b00_0, v0x5654fa604980_0;
    %load/vec4 v0x5654fa604a50_0;
    %cassign/vec4 v0x5654fa603ba0_0;
    %cassign/link v0x5654fa603ba0_0, v0x5654fa604a50_0;
    %load/vec4 v0x5654fa603160_0;
    %cassign/vec4 v0x5654fa603020_0;
    %cassign/link v0x5654fa603020_0, v0x5654fa603160_0;
T_28.11 ;
    %jmp T_28.9;
T_28.8 ;
    %load/vec4 v0x5654fa603d80_0;
    %pad/u 32;
    %cmpi/e 0, 0, 32;
    %jmp/0xz  T_28.12, 4;
    %load/vec4 v0x5654fa604160_0;
    %cassign/vec4 v0x5654fa6038b0_0;
    %cassign/link v0x5654fa6038b0_0, v0x5654fa604160_0;
    %load/vec4 v0x5654fa604230_0;
    %cassign/vec4 v0x5654fa603950_0;
    %cassign/link v0x5654fa603950_0, v0x5654fa604230_0;
    %load/vec4 v0x5654fa604300_0;
    %cassign/vec4 v0x5654fa603b00_0;
    %cassign/link v0x5654fa603b00_0, v0x5654fa604300_0;
    %load/vec4 v0x5654fa6043d0_0;
    %cassign/vec4 v0x5654fa603ba0_0;
    %cassign/link v0x5654fa603ba0_0, v0x5654fa6043d0_0;
    %pushi/vec4 1, 0, 1;
    %cassign/vec4 v0x5654fa603020_0;
    %jmp T_28.13;
T_28.12 ;
    %load/vec4 v0x5654fa602cc0_0;
    %cassign/vec4 v0x5654fa6038b0_0;
    %cassign/link v0x5654fa6038b0_0, v0x5654fa602cc0_0;
    %load/vec4 v0x5654fa602d80_0;
    %cassign/vec4 v0x5654fa603950_0;
    %cassign/link v0x5654fa603950_0, v0x5654fa602d80_0;
    %load/vec4 v0x5654fa602e50_0;
    %cassign/vec4 v0x5654fa603b00_0;
    %cassign/link v0x5654fa603b00_0, v0x5654fa602e50_0;
    %load/vec4 v0x5654fa602f50_0;
    %cassign/vec4 v0x5654fa603ba0_0;
    %cassign/link v0x5654fa603ba0_0, v0x5654fa602f50_0;
    %pushi/vec4 0, 0, 1;
    %cassign/vec4 v0x5654fa603020_0;
T_28.13 ;
T_28.9 ;
T_28.1 ;
    %jmp T_28;
    .thread T_28, $push;
# The file index is used to find the file name in the following table.
:file_names 13;
    "N/A";
    "<interactive>";
    "ALU.v";
    "andBitwise.v";
    "notBitwise.v";
    "orBitwise.v";
    "shiftLeft.v";
    "Substraction.v";
    "twosComplement.v";
    "Sum.v";
    "sumBit2Bit.v";
    "Sum3Bit.v";
    "xorBitwise.v";
