#! /usr/bin/vvp
:ivl_version "0.9.7 " "(v0_9_7)";
:vpi_time_precision + 0;
:vpi_module "system";
:vpi_module "v2005_math";
:vpi_module "va_math";
S_0x1a35fc0 .scope module, "demux_tb" "demux_tb" 2 3;
 .timescale 0 0;
v0x1a4ad90_0 .var "data_in", 0 0;
v0x1a4ae30_0 .var "data_select", 1 0;
v0x1a4aee0_0 .net "o0", 0 0, v0x1a4aa20_0; 1 drivers
v0x1a4af90_0 .net "o1", 0 0, v0x1a4aac0_0; 1 drivers
v0x1a4b070_0 .net "o2", 0 0, v0x1a4ab60_0; 1 drivers
v0x1a4b120_0 .net "o3", 0 0, v0x1a4ac10_0; 1 drivers
S_0x1a360b0 .scope module, "e_0" "demux" 2 9, 3 1, S_0x1a35fc0;
 .timescale 0 0;
v0x1a381c0_0 .net "d_in", 0 0, v0x1a4ad90_0; 1 drivers
v0x1a4aa20_0 .var "d_out_0", 0 0;
v0x1a4aac0_0 .var "d_out_1", 0 0;
v0x1a4ab60_0 .var "d_out_2", 0 0;
v0x1a4ac10_0 .var "d_out_3", 0 0;
v0x1a4acb0_0 .net "d_sel", 1 0, v0x1a4ae30_0; 1 drivers
E_0x1a14200 .event edge, v0x1a4acb0_0, v0x1a381c0_0;
    .scope S_0x1a360b0;
T_0 ;
    %wait E_0x1a14200;
    %set/v v0x1a4aa20_0, 0, 1;
    %set/v v0x1a4aac0_0, 0, 1;
    %set/v v0x1a4ab60_0, 0, 1;
    %set/v v0x1a4ac10_0, 0, 1;
    %load/v 8, v0x1a4acb0_0, 2;
    %cmpi/u 8, 0, 2;
    %jmp/1 T_0.0, 6;
    %cmpi/u 8, 1, 2;
    %jmp/1 T_0.1, 6;
    %cmpi/u 8, 2, 2;
    %jmp/1 T_0.2, 6;
    %cmpi/u 8, 3, 2;
    %jmp/1 T_0.3, 6;
    %jmp T_0.4;
T_0.0 ;
    %load/v 8, v0x1a381c0_0, 1;
    %set/v v0x1a4aa20_0, 8, 1;
    %jmp T_0.4;
T_0.1 ;
    %load/v 8, v0x1a381c0_0, 1;
    %set/v v0x1a4aac0_0, 8, 1;
    %jmp T_0.4;
T_0.2 ;
    %load/v 8, v0x1a381c0_0, 1;
    %set/v v0x1a4ab60_0, 8, 1;
    %jmp T_0.4;
T_0.3 ;
    %load/v 8, v0x1a381c0_0, 1;
    %set/v v0x1a4ac10_0, 8, 1;
    %jmp T_0.4;
T_0.4 ;
    %jmp T_0;
    .thread T_0, $push;
    .scope S_0x1a35fc0;
T_1 ;
    %set/v v0x1a4ad90_0, 1, 1;
    %set/v v0x1a4ae30_0, 0, 2;
    %end;
    .thread T_1;
    .scope S_0x1a35fc0;
T_2 ;
    %delay 1, 0;
    %set/v v0x1a4ae30_0, 0, 2;
    %delay 1, 0;
    %movi 8, 1, 2;
    %set/v v0x1a4ae30_0, 8, 2;
    %delay 1, 0;
    %movi 8, 2, 2;
    %set/v v0x1a4ae30_0, 8, 2;
    %delay 1, 0;
    %set/v v0x1a4ae30_0, 1, 2;
    %delay 10, 0;
    %vpi_call 2 28 "$finish";
    %jmp T_2;
    .thread T_2;
    .scope S_0x1a35fc0;
T_3 ;
    %vpi_call 2 32 "$dumpfile", "demux.vcd";
    %vpi_call 2 33 "$dumpvars";
    %end;
    .thread T_3;
    .scope S_0x1a35fc0;
T_4 ;
    %vpi_call 2 37 "$display", "Input\011Selector\011Out_0\011Out_1\011Out_2\011Out_3";
    %vpi_call 2 38 "$monitor", "%b\011%d\011\011%d\011%d\011%d\011%d", v0x1a4ad90_0, v0x1a4ae30_0, v0x1a4aee0_0, v0x1a4af90_0, v0x1a4b070_0, v0x1a4b120_0;
    %end;
    .thread T_4;
# The file index is used to find the file name in the following table.
:file_names 4;
    "N/A";
    "<interactive>";
    "src/demux/demux_tb.v";
    "./src/demux/demux.v";
