#! /usr/bin/vvp
:ivl_version "0.9.7 " "(v0_9_7)";
:vpi_time_precision + 0;
:vpi_module "system";
:vpi_module "v2005_math";
:vpi_module "va_math";
S_0xd1cfc0 .scope module, "encoder_tb" "encoder_tb" 2 3;
 .timescale 0 0;
v0xd31920_0 .var "data_in", 3 0;
v0xd319f0_0 .net "data_out", 1 0, v0xd31880_0; 1 drivers
S_0xd1d0b0 .scope module, "e_0" "encoder" 2 8, 3 1, S_0xd1cfc0;
 .timescale 0 0;
v0xd1efc0_0 .net "encoder_in", 3 0, v0xd31920_0; 1 drivers
v0xd31880_0 .var "encoder_out", 1 0;
E_0xcfbcb0 .event edge, v0xd1efc0_0;
    .scope S_0xd1d0b0;
T_0 ;
    %wait E_0xcfbcb0;
    %set/v v0xd31880_0, 0, 2;
    %load/v 8, v0xd1efc0_0, 4;
   %andi 8, 1, 4;
    %cmpi/u 8, 0, 4;
    %inv 4, 1;
    %jmp/0xz  T_0.0, 4;
    %set/v v0xd31880_0, 0, 2;
T_0.0 ;
    %load/v 8, v0xd1efc0_0, 4;
   %andi 8, 2, 4;
    %cmpi/u 8, 0, 4;
    %inv 4, 1;
    %jmp/0xz  T_0.2, 4;
    %movi 8, 1, 2;
    %set/v v0xd31880_0, 8, 2;
T_0.2 ;
    %load/v 8, v0xd1efc0_0, 4;
   %andi 8, 4, 4;
    %cmpi/u 8, 0, 4;
    %inv 4, 1;
    %jmp/0xz  T_0.4, 4;
    %movi 8, 2, 2;
    %set/v v0xd31880_0, 8, 2;
T_0.4 ;
    %load/v 8, v0xd1efc0_0, 4;
   %andi 8, 8, 4;
    %cmpi/u 8, 0, 4;
    %inv 4, 1;
    %jmp/0xz  T_0.6, 4;
    %set/v v0xd31880_0, 1, 2;
T_0.6 ;
    %jmp T_0;
    .thread T_0, $push;
    .scope S_0xd1cfc0;
T_1 ;
    %movi 8, 1, 4;
    %set/v v0xd31920_0, 8, 4;
    %end;
    .thread T_1;
    .scope S_0xd1cfc0;
T_2 ;
    %delay 1, 0;
    %movi 8, 2, 4;
    %set/v v0xd31920_0, 8, 4;
    %delay 1, 0;
    %movi 8, 4, 4;
    %set/v v0xd31920_0, 8, 4;
    %delay 1, 0;
    %movi 8, 8, 4;
    %set/v v0xd31920_0, 8, 4;
    %delay 1, 0;
    %movi 8, 3, 4;
    %set/v v0xd31920_0, 8, 4;
    %delay 1, 0;
    %movi 8, 5, 4;
    %set/v v0xd31920_0, 8, 4;
    %delay 1, 0;
    %movi 8, 9, 4;
    %set/v v0xd31920_0, 8, 4;
    %delay 1, 0;
    %movi 8, 6, 4;
    %set/v v0xd31920_0, 8, 4;
    %delay 1, 0;
    %movi 8, 10, 4;
    %set/v v0xd31920_0, 8, 4;
    %delay 1, 0;
    %movi 8, 12, 4;
    %set/v v0xd31920_0, 8, 4;
    %delay 10, 0;
    %vpi_call 2 24 "$finish";
    %jmp T_2;
    .thread T_2;
    .scope S_0xd1cfc0;
T_3 ;
    %vpi_call 2 28 "$dumpfile", "encoder.vcd";
    %vpi_call 2 29 "$dumpvars";
    %end;
    .thread T_3;
    .scope S_0xd1cfc0;
T_4 ;
    %vpi_call 2 33 "$display", "Input\011Out\011Val";
    %vpi_call 2 34 "$monitor", "%b\011%b\011%d", v0xd31920_0, v0xd319f0_0, v0xd319f0_0;
    %end;
    .thread T_4;
# The file index is used to find the file name in the following table.
:file_names 4;
    "N/A";
    "<interactive>";
    "src/encoder/encoder_tb.v";
    "./src/encoder/encoder.v";
