#! /usr/bin/vvp
:ivl_version "0.9.7 " "(v0_9_7)";
:vpi_time_precision + 0;
:vpi_module "system";
:vpi_module "v2005_math";
:vpi_module "va_math";
S_0x1d6afc0 .scope module, "demux_tb" "demux_tb" 2 3;
 .timescale 0 0;
v0x1d7d190_0 .var "data_in", 0 0;
v0x1d7d260_0 .net "data_out", 3 0, v0x1d7d050_0; 1 drivers
v0x1d7d310_0 .var "data_select", 1 0;
S_0x1d6b0b0 .scope module, "e_0" "demux" 2 9, 3 1, S_0x1d6afc0;
 .timescale 0 0;
v0x1d6c1c0_0 .net "demux_in", 0 0, v0x1d7d190_0; 1 drivers
v0x1d7d050_0 .var "demux_out", 3 0;
v0x1d7d0f0_0 .net "demux_select", 1 0, v0x1d7d310_0; 1 drivers
E_0x1d48f90 .event edge, v0x1d6c1c0_0;
    .scope S_0x1d6b0b0;
T_0 ;
    %wait E_0x1d48f90;
    %set/v v0x1d7d050_0, 0, 4;
    %load/v 8, v0x1d6c1c0_0, 1;
    %ix/getv 0, v0x1d7d0f0_0;
    %jmp/1 t_0, 4;
    %set/x0 v0x1d7d050_0, 8, 1;
t_0 ;
    %jmp T_0;
    .thread T_0, $push;
    .scope S_0x1d6afc0;
T_1 ;
    %set/v v0x1d7d190_0, 1, 1;
    %end;
    .thread T_1;
    .scope S_0x1d6afc0;
T_2 ;
    %delay 1, 0;
    %set/v v0x1d7d310_0, 0, 2;
    %delay 1, 0;
    %movi 8, 1, 2;
    %set/v v0x1d7d310_0, 8, 2;
    %delay 1, 0;
    %movi 8, 2, 2;
    %set/v v0x1d7d310_0, 8, 2;
    %delay 1, 0;
    %set/v v0x1d7d310_0, 1, 2;
    %delay 10, 0;
    %vpi_call 2 20 "$finish";
    %jmp T_2;
    .thread T_2;
    .scope S_0x1d6afc0;
T_3 ;
    %vpi_call 2 24 "$dumpfile", "demux.vcd";
    %vpi_call 2 25 "$dumpvars";
    %end;
    .thread T_3;
    .scope S_0x1d6afc0;
T_4 ;
    %vpi_call 2 29 "$display", "Input value\011Selector\011Output";
    %vpi_call 2 30 "$monitor", "%b\011\011%d\011\011%b", v0x1d7d190_0, v0x1d7d310_0, v0x1d7d260_0;
    %end;
    .thread T_4;
# The file index is used to find the file name in the following table.
:file_names 4;
    "N/A";
    "<interactive>";
    "demux_tb.v";
    "./demux.v";
